@!@!@STARTMSG 2262:0 @!@!@
TLC2 Version 2.16 of 31 December 2020 (rev: cdddf55)
@!@!@ENDMSG 2262 @!@!@
@!@!@STARTMSG 2187:0 @!@!@
Running breadth-first search Model-Checking with fp 81 and seed -3723016930054032153 with 4 workers on 8 cores with 448MB heap and 1004MB offheap memory [pid: 13592] (Windows 10 10.0 amd64, AdoptOpenJDK 14.0.1 x86_64, OffHeapDiskFPSet, DiskStateQueue).
@!@!@ENDMSG 2187 @!@!@
@!@!@STARTMSG 2220:0 @!@!@
Starting SANY...
@!@!@ENDMSG 2220 @!@!@
Parsing file D:\TLA\actor\actor.toolbox\Model_2\MC.tla
Parsing file D:\TLA\actor\actor.toolbox\Model_2\actor.tla
Parsing file D:\TLA\TLAToolbox-1.7.1-win32.win32.x86_64\toolbox\plugins\org.lamport.tlatools_1.0.0.202012311918\tla2sany\StandardModules\TLC.tla
Parsing file D:\TLA\TLAToolbox-1.7.1-win32.win32.x86_64\toolbox\plugins\org.lamport.tlatools_1.0.0.202012311918\tla2sany\StandardModules\Integers.tla
Parsing file D:\TLA\TLAToolbox-1.7.1-win32.win32.x86_64\toolbox\plugins\org.lamport.tlatools_1.0.0.202012311918\tla2sany\StandardModules\Sequences.tla
Parsing file D:\TLA\TLAToolbox-1.7.1-win32.win32.x86_64\toolbox\plugins\org.lamport.tlatools_1.0.0.202012311918\tla2sany\StandardModules\Naturals.tla
Parsing file D:\TLA\TLAToolbox-1.7.1-win32.win32.x86_64\toolbox\plugins\org.lamport.tlatools_1.0.0.202012311918\tla2sany\StandardModules\FiniteSets.tla
Semantic processing of module Naturals
Semantic processing of module Sequences
Semantic processing of module FiniteSets
Semantic processing of module TLC
Semantic processing of module Integers
Semantic processing of module actor
Semantic processing of module MC
@!@!@STARTMSG 2219:0 @!@!@
SANY finished.
@!@!@ENDMSG 2219 @!@!@
@!@!@STARTMSG 2185:0 @!@!@
Starting... (2022-02-04 23:02:58)
@!@!@ENDMSG 2185 @!@!@
@!@!@STARTMSG 2212:0 @!@!@
Implied-temporal checking--satisfiability problem has 1 branches.
@!@!@ENDMSG 2212 @!@!@
@!@!@STARTMSG 2189:0 @!@!@
Computing initial states...
@!@!@ENDMSG 2189 @!@!@
@!@!@STARTMSG 2190:0 @!@!@
Finished computing initial states: 1 distinct state generated at 2022-02-04 23:02:58.
@!@!@ENDMSG 2190 @!@!@
0
6
1
FALSE
"hey"
0
6
1
FALSE
"hey"
0
6
1
FALSE
"hey"
0
6
1
FALSE
"hey"
0
6
0
6
1
1
FALSE
FALSE
"hey"
"hey"
0
6
1
FALSE
0
6
1
"hey"
FALSE
"hey"
0
6
1
FALSE
"hey"
0
6
1
FALSE
"hey"
0
6
1
FALSE
"hey"
0
6
1
FALSE
"hey"
0
6
1
FALSE
0
6
"hey"
1
FALSE
0
6
"hey"
1
FALSE
"hey"
0
6
1
FALSE
"hey"
0
6
1
FALSE
"hey"
0
6
1
FALSE
"hey"
0
6
1
FALSE
0
6
"hey"
1
FALSE
"hey"
0
6
1
FALSE
"hey"
0
6
1
FALSE
"hey"
0
6
1
FALSE
0
6
"hey"
1
FALSE
"hey"
0
6
1
FALSE
0
6
"hey"
1
FALSE
0
6
1
"hey"
FALSE
"hey"
0
6
1
FALSE
"hey"
0
6
1
FALSE
"hey"
0
6
1
0
6
1
FALSE
FALSE
"hey"
"hey"
0
6
1
FALSE
"hey"
0
0
6
6
1
1
FALSE
FALSE
"hey"
"hey"
0
6
1
FALSE
0
6
"hey"
1
FALSE
"hey"
0
6
1
0
6
FALSE
1
FALSE
"hey"
"hey"
0
6
0
1
6
1
FALSE
FALSE
"hey"
"hey"
0
6
1
FALSE
"hey"
0
6
1
FALSE
0
6
"hey"
1
FALSE
0
"hey"
6
1
FALSE
"hey"
"i"
1
"i"
1
"i"
1
"i"
1
"i"
1
"i"
1
"i"
1
"i"
1
"i"
1
"i"
1
"i"
"i"
1
1
"i"
1
"i"
1
"i"
1
"i"
1
"i"
1
"i"
1
"i"
1
"i"
1
"i"
1
"i"
1
"i"
1
"i"
1
"i"
1
"i"
1
"i"
1
"i"
1
"i"
1
"i"
1
"i"
1
"i"
1
"i"
1
"i"
1
"i"
1
"i"
1
"i"
1
"i"
1
"i"
1
"i"
1
"i"
"i"
1
1
"i"
1
"i"
1
"i"
1
"i"
1
"i"
1
"i"
"i"
1
1
"i"
1
"i"
1
"i"
1
"i"
1
"i"
1
"i"
1
"i"
1
"i"
1
"i"
1
"i"
1
"i"
1
0
6
1
FALSE
"hey"
0
6
1
1
6
FALSE
3
FALSE
"hey"
"hey"
0
6
1
FALSE
"hey"
1
6
3
FALSE
"hey"
0
6
1
FALSE
"hey"
0
0
6
6
1
1
FALSE
FALSE
"hey"
1
6
0
3
6
1
FALSE
FALSE
"hey"
"hey"
0
6
1
0
6
FALSE
1
FALSE
"hey"
0
6
1
FALSE
0
6
1
FALSE
"hey"
1
6
0
3
0
6
6
FALSE
1
1
FALSE
"hey"
FALSE
"hey"
0
6
1
FALSE
0
0
6
6
1
1
FALSE
FALSE
1
6
"hey"
3
0
6
1
FALSE
FALSE
"hey"
"hey"
1
0
6
6
3
1
1
6
FALSE
3
FALSE
FALSE
"hey"
"hey"
0
6
1
1
6
0
3
FALSE
6
FALSE
1
"hey"
"hey"
FALSE
1
0
"hey"
6
6
1
3
FALSE
FALSE
0
6
"hey"
1
FALSE
"hey"
0
0
6
1
FALSE
1
6
6
"hey"
1
3
FALSE
0
"hey"
6
FALSE
1
1
6
FALSE
"hey"
3
"hey"
FALSE
"hey"
0
6
1
6
1
3
FALSE
FALSE
"hey"
"hey"
1
6
3
FALSE
"hey"
0
6
1
FALSE
"hey"
0
6
1
1
6
3
FALSE
FALSE
"hey"
"hey"
0
6
1
FALSE
"hey"
0
0
6
6
1
1
FALSE
FALSE
"hey"
"hey"
1
6
3
FALSE
"hey"
0
6
1
FALSE
"hey"
1
6
3
FALSE
"hey"
0
6
1
0
FALSE
6
1
"hey"
FALSE
"hey"
1
6
3
FALSE
"hey"
0
6
1
1
6
3
FALSE
FALSE
"hey"
"hey"
0
6
1
FALSE
0
6
0
1
FALSE
6
"hey"
1
FALSE
0
"hey"
6
1
FALSE
0
6
1
FALSE
0
6
1
FALSE
"hey"
0
6
1
0
FALSE
6
1
1
FALSE
6
3
"hey"
FALSE
0
"hey"
6
1
FALSE
0
6
1
FALSE
"hey"
0
6
1
FALSE
"hey"
1
6
3
FALSE
"hey"
0
6
1
FALSE
"hey"
0
6
1
FALSE
"hey"
0
6
1
FALSE
"hey"
0
6
"hey"
0
6
1
FALSE
"hey"
0
6
1
FALSE
0
6
1
FALSE
"hey"
0
6
1
FALSE
0
6
1
FALSE
"hey"
0
6
1
FALSE
"hey"
0
6
1
FALSE
"hey"
0
6
0
1
6
1
FALSE
FALSE
"hey"
"hey"
1
6
3
FALSE
"hey"
0
6
1
FALSE
"hey"
0
6
1
FALSE
"hey"
1
6
3
FALSE
"hey"
0
6
1
0
FALSE
6
1
"hey"
FALSE
"hey"
0
6
1
FALSE
"hey"
0
6
0
1
1
6
FALSE
1
"hey"
FALSE
"hey"
0
6
1
FALSE
"hey"
1
6
3
FALSE
"hey"
0
6
1
FALSE
"hey"
1
6
3
FALSE
"hey"
0
6
1
FALSE
"hey"
1
6
3
FALSE
"hey"
0
6
1
FALSE
"hey"
0
6
1
FALSE
"hey"
0
6
1
FALSE
"hey"
0
6
1
FALSE
"hey"
FALSE
1
0
6
6
3
1
FALSE
"hey"
"hey"
1
1
6
3
FALSE
0
"hey"
6
1
FALSE
"hey"
0
6
1
FALSE
0
6
1
FALSE
"hey"
0
0
FALSE
6
1
0
6
6
6
1
FALSE
3
1
FALSE
FALSE
"hey"
"hey"
0
6
1
FALSE
0
6
1
1
FALSE
6
FALSE
3
"hey"
FALSE
"hey"
0
6
1
FALSE
"hey"
1
6
"hey"
1
3
6
0
3
0
FALSE
6
FALSE
1
"hey"
"hey"
6
1
FALSE
0
6
1
1
FALSE
6
3
FALSE
FALSE
"hey"
"hey"
0
6
1
FALSE
1
0
0
6
6
1
3
6
FALSE
FALSE
"hey"
1
FALSE
"hey"
0
"hey"
6
1
1
0
6
6
FALSE
3
FALSE
"hey"
0
1
6
1
1
6
FALSE
3
"hey"
FALSE
"hey"
0
6
1
FALSE
"hey"
0
6
1
FALSE
"i"
0
2
6
1
FALSE
"hey"
0
6
1
FALSE
"i"
2
"i"
FALSE
2
"hey"
0
6
1
"i"
FALSE
2
"hey"
"i"
2
"i"
2
"i"
2
"i"
2
"i"
2
"i"
2
1
6
3
0
6
1
FALSE
0
"hey"
6
1
FALSE
"hey"
0
FALSE
6
1
"hey"
FALSE
0
6
1
FALSE
"hey"
1
6
"hey"
3
FALSE
0
"hey"
6
1
FALSE
1
"i"
6
2
3
FALSE
"hey"
1
6
3
FALSE
"i"
"hey"
2
"i"
2
1
"i"
6
2
3
FALSE
"hey"
"i"
"hey"
0
6
0
1
6
FALSE
1
1
FALSE
6
"hey"
0
3
6
1
FALSE
FALSE
"hey"
"hey"
0
6
1
FALSE
1
6
3
0
FALSE
6
1
"hey"
FALSE
"hey"
0
6
1
FALSE
"i"
1
0
2
6
1
FALSE
"hey"
"i"
0
1
6
1
FALSE
"i"
1
"i"
1
0
"i"
1
1
6
6
3
1
FALSE
FALSE
"hey"
"hey"
"i"
0
1
6
1
1
FALSE
"i"
"hey"
6
1
3
0
FALSE
"i"
6
1
"hey"
1
"i"
FALSE
1
"hey"
1
6
0
3
6
1
FALSE
FALSE
"hey"
"hey"
"i"
1
1
6
"i"
3
1
0
FALSE
6
"hey"
1
FALSE
"i"
1
"hey"
"i"
0
1
6
"i"
1
1
FALSE
"i"
1
"hey"
1
6
3
FALSE
"hey"
0
6
1
FALSE
"hey"
1
"i"
6
2
3
FALSE
"hey"
0
6
1
FALSE
"hey"
0
6
1
FALSE
1
"hey"
6
3
"i"
2
FALSE
"hey"
0
6
1
FALSE
"hey"
0
6
1
FALSE
"i"
2
0
6
@!@!@STARTMSG 1000:1 @!@!@
TLC threw an unexpected exception.
This was probably caused by an error in the spec or model.
See the User Output or TLC Console for clues to what happened.
The exception was a java.lang.RuntimeException
: Attempted to apply function:
(2 :> 3)
to argument 3, which is not in the domain of the function.
@!@!@ENDMSG 1000 @!@!@
1
FALSE
"hey"
0
6
1
FALSE
"i"
2
"i"
2
0
6
1
FALSE
"hey"
0
6
1
FALSE
"i"
2
"i"
0
1
6
1
FALSE
"hey"
0
6
1
"i"
FALSE
1
"i"
"i"
2
1
"i"
2
"i"
0
1
6
1
"i"
FALSE
1
"hey"
"i"
1
0
"i"
6
1
1
0
FALSE
6
"hey"
1
FALSE
0
"hey"
6
"i"
1
1
FALSE
"hey"
"i"
"i"
1
0
1
6
"i"
1
1
FALSE
"hey"
"i"
"i"
1
2
"i"
2
1
6
3
FALSE
"hey"
"i"
1
"i"
@!@!@STARTMSG 2121:1 @!@!@
The behavior up to this point is:
@!@!@ENDMSG 2121 @!@!@
1
1
6
"i"
3
1
FALSE
"i"
"hey"
1
1
6
3
FALSE
"hey"
1
6
3
FALSE
"hey"
1
6
3
FALSE
@!@!@STARTMSG 2217:4 @!@!@
1: <Initial predicate>
/\ stack = (0 :> <<>> @@ 1 :> <<>> @@ 3 :> <<>>)
/\ triggered = FALSE
/\ actorInboxes = (0 :> <<<<"FindPredecessor", 6, 0>>>> @@ 1 :> <<>> @@ 3 :> <<>>)
/\ i = (0 :> defaultInitValue @@ 1 :> defaultInitValue @@ 3 :> defaultInitValue)
/\ id = (0 :> defaultInitValue @@ 1 :> defaultInitValue @@ 3 :> defaultInitValue)
/\ m = 3
/\ asker = (0 :> defaultInitValue @@ 1 :> defaultInitValue @@ 3 :> defaultInitValue)
/\ currentMessage = ( 0 :> <<"?", "no_content">> @@
  1 :> <<"?", "no_content">> @@
  3 :> <<"?", "no_content">> )
/\ content = (0 :> "no_content" @@ 1 :> "no_content" @@ 3 :> "no_content")
/\ pc = (0 :> "WaitForMessages" @@ 1 :> "WaitForMessages" @@ 3 :> "WaitForMessages")
/\ trigger_content = (0 :> "?" @@ 1 :> "?" @@ 3 :> "?")
/\ fingerTables = (0 :> <<1>> @@ 1 :> (2 :> 3) @@ 2 :> 3 @@ 3 :> 5 @@ 4 :> 0 @@ 5 :> 0 @@ 7 :> 0)
/\ kind = (0 :> "?" @@ 1 :> "?" @@ 3 :> "?")

@!@!@ENDMSG 2217 @!@!@
"hey"
@!@!@STARTMSG 2217:4 @!@!@
2: <WaitForMessages line 133, col 26 to line 145, col 73 of module actor>
/\ stack = (0 :> <<>> @@ 1 :> <<>> @@ 3 :> <<>>)
/\ triggered = FALSE
/\ actorInboxes = (0 :> <<>> @@ 1 :> <<>> @@ 3 :> <<>>)
/\ i = (0 :> defaultInitValue @@ 1 :> defaultInitValue @@ 3 :> defaultInitValue)
/\ id = (0 :> defaultInitValue @@ 1 :> defaultInitValue @@ 3 :> defaultInitValue)
/\ m = 3
/\ asker = (0 :> defaultInitValue @@ 1 :> defaultInitValue @@ 3 :> defaultInitValue)
/\ currentMessage = ( 0 :> <<"FindPredecessor", 6, 0>> @@
  1 :> <<"?", "no_content">> @@
  3 :> <<"?", "no_content">> )
/\ content = (0 :> 6 @@ 1 :> "no_content" @@ 3 :> "no_content")
/\ pc = (0 :> "ProcessMessage" @@ 1 :> "WaitForMessages" @@ 3 :> "WaitForMessages")
/\ trigger_content = (0 :> "?" @@ 1 :> "?" @@ 3 :> "?")
/\ fingerTables = (0 :> <<1>> @@ 1 :> (2 :> 3) @@ 2 :> 3 @@ 3 :> 5 @@ 4 :> 0 @@ 5 :> 0 @@ 7 :> 0)
/\ kind = (0 :> "FindPredecessor" @@ 1 :> "?" @@ 3 :> "?")

@!@!@ENDMSG 2217 @!@!@
0
6
1
FALSE
"hey"
@!@!@STARTMSG 2217:4 @!@!@
3: <ProcessMessage line 147, col 25 to line 176, col 72 of module actor>
/\ stack = (0 :> <<>> @@ 1 :> <<>> @@ 3 :> <<>>)
/\ triggered = FALSE
/\ actorInboxes = (0 :> <<>> @@ 1 :> <<>> @@ 3 :> <<>>)
/\ i = (0 :> 3 @@ 1 :> defaultInitValue @@ 3 :> defaultInitValue)
/\ id = (0 :> 6 @@ 1 :> defaultInitValue @@ 3 :> defaultInitValue)
/\ m = 3
/\ asker = (0 :> 0 @@ 1 :> defaultInitValue @@ 3 :> defaultInitValue)
/\ currentMessage = ( 0 :> <<"FindPredecessor", 6, 0>> @@
  1 :> <<"?", "no_content">> @@
  3 :> <<"?", "no_content">> )
/\ content = (0 :> 6 @@ 1 :> "no_content" @@ 3 :> "no_content")
/\ pc = (0 :> "FindFistSuitableI" @@ 1 :> "WaitForMessages" @@ 3 :> "WaitForMessages")
/\ trigger_content = (0 :> "?" @@ 1 :> "?" @@ 3 :> "?")
/\ fingerTables = (0 :> <<1>> @@ 1 :> (2 :> 3) @@ 2 :> 3 @@ 3 :> 5 @@ 4 :> 0 @@ 5 :> 0 @@ 7 :> 0)
/\ kind = (0 :> "FindPredecessor" @@ 1 :> "?" @@ 3 :> "?")

@!@!@ENDMSG 2217 @!@!@
"i"
"i"
1
2
6
3
"i"
FALSE
@!@!@STARTMSG 2217:4 @!@!@
4: <FindFistSuitableI line 178, col 28 to line 189, col 70 of module actor>
/\ stack = (0 :> <<>> @@ 1 :> <<>> @@ 3 :> <<>>)
/\ triggered = FALSE
/\ actorInboxes = (0 :> <<>> @@ 1 :> <<>> @@ 3 :> <<>>)
/\ i = (0 :> 2 @@ 1 :> defaultInitValue @@ 3 :> defaultInitValue)
/\ id = (0 :> 6 @@ 1 :> defaultInitValue @@ 3 :> defaultInitValue)
/\ m = 3
/\ asker = (0 :> 0 @@ 1 :> defaultInitValue @@ 3 :> defaultInitValue)
/\ currentMessage = ( 0 :> <<"FindPredecessor", 6, 0>> @@
  1 :> <<"?", "no_content">> @@
  3 :> <<"?", "no_content">> )
/\ content = (0 :> 6 @@ 1 :> "no_content" @@ 3 :> "no_content")
/\ pc = (0 :> "FindFistSuitableI" @@ 1 :> "WaitForMessages" @@ 3 :> "WaitForMessages")
/\ trigger_content = (0 :> "?" @@ 1 :> "?" @@ 3 :> "?")
/\ fingerTables = (0 :> <<1>> @@ 1 :> (2 :> 3) @@ 2 :> 3 @@ 3 :> 5 @@ 4 :> 0 @@ 5 :> 0 @@ 7 :> 0)
/\ kind = (0 :> "FindPredecessor" @@ 1 :> "?" @@ 3 :> "?")

@!@!@ENDMSG 2217 @!@!@
2
"hey"
0
6
2
@!@!@STARTMSG 2217:4 @!@!@
5: <FindFistSuitableI line 178, col 28 to line 189, col 70 of module actor>
/\ stack = (0 :> <<>> @@ 1 :> <<>> @@ 3 :> <<>>)
/\ triggered = FALSE
/\ actorInboxes = (0 :> <<>> @@ 1 :> <<>> @@ 3 :> <<>>)
/\ i = (0 :> 1 @@ 1 :> defaultInitValue @@ 3 :> defaultInitValue)
/\ id = (0 :> 6 @@ 1 :> defaultInitValue @@ 3 :> defaultInitValue)
/\ m = 3
/\ asker = (0 :> 0 @@ 1 :> defaultInitValue @@ 3 :> defaultInitValue)
/\ currentMessage = ( 0 :> <<"FindPredecessor", 6, 0>> @@
  1 :> <<"?", "no_content">> @@
  3 :> <<"?", "no_content">> )
/\ content = (0 :> 6 @@ 1 :> "no_content" @@ 3 :> "no_content")
/\ pc = (0 :> "FindFistSuitableI" @@ 1 :> "WaitForMessages" @@ 3 :> "WaitForMessages")
/\ trigger_content = (0 :> "?" @@ 1 :> "?" @@ 3 :> "?")
/\ fingerTables = (0 :> <<1>> @@ 1 :> (2 :> 3) @@ 2 :> 3 @@ 3 :> 5 @@ 4 :> 0 @@ 5 :> 0 @@ 7 :> 0)
/\ kind = (0 :> "FindPredecessor" @@ 1 :> "?" @@ 3 :> "?")

@!@!@ENDMSG 2217 @!@!@
1
6
3
FALSE
"hey"
1
@!@!@STARTMSG 2217:4 @!@!@
6: <FindFistSuitableI line 178, col 28 to line 189, col 70 of module actor>
/\ stack = (0 :> <<>> @@ 1 :> <<>> @@ 3 :> <<>>)
/\ triggered = FALSE
/\ actorInboxes = (0 :> <<>> @@ 1 :> <<>> @@ 3 :> <<>>)
/\ i = (0 :> 1 @@ 1 :> defaultInitValue @@ 3 :> defaultInitValue)
/\ id = (0 :> 6 @@ 1 :> defaultInitValue @@ 3 :> defaultInitValue)
/\ m = 3
/\ asker = (0 :> 0 @@ 1 :> defaultInitValue @@ 3 :> defaultInitValue)
/\ currentMessage = ( 0 :> <<"FindPredecessor", 6, 0>> @@
  1 :> <<"?", "no_content">> @@
  3 :> <<"?", "no_content">> )
/\ content = (0 :> 6 @@ 1 :> "no_content" @@ 3 :> "no_content")
/\ pc = (0 :> "MainLoop" @@ 1 :> "WaitForMessages" @@ 3 :> "WaitForMessages")
/\ trigger_content = (0 :> "?" @@ 1 :> "?" @@ 3 :> "?")
/\ fingerTables = (0 :> <<1>> @@ 1 :> (2 :> 3) @@ 2 :> 3 @@ 3 :> 5 @@ 4 :> 0 @@ 5 :> 0 @@ 7 :> 0)
/\ kind = (0 :> "FindPredecessor" @@ 1 :> "?" @@ 3 :> "?")

@!@!@ENDMSG 2217 @!@!@
@!@!@STARTMSG 2217:4 @!@!@
7: <MainLoop line 191, col 19 to line 201, col 58 of module actor>
/\ stack = (0 :> <<>> @@ 1 :> <<>> @@ 3 :> <<>>)
/\ triggered = FALSE
/\ actorInboxes = (0 :> <<>> @@ 1 :> <<<<"FindPredecessor", 6, 0>>>> @@ 3 :> <<>>)
/\ i = (0 :> 1 @@ 1 :> defaultInitValue @@ 3 :> defaultInitValue)
/\ id = (0 :> 6 @@ 1 :> defaultInitValue @@ 3 :> defaultInitValue)
/\ m = 3
/\ asker = (0 :> 0 @@ 1 :> defaultInitValue @@ 3 :> defaultInitValue)
/\ currentMessage = ( 0 :> <<"FindPredecessor", 6, 0>> @@
  1 :> <<"?", "no_content">> @@
  3 :> <<"?", "no_content">> )
/\ content = (0 :> 6 @@ 1 :> "no_content" @@ 3 :> "no_content")
/\ pc = (0 :> "WaitForMessages" @@ 1 :> "WaitForMessages" @@ 3 :> "WaitForMessages")
/\ trigger_content = (0 :> "?" @@ 1 :> "?" @@ 3 :> "?")
/\ fingerTables = (0 :> <<1>> @@ 1 :> (2 :> 3) @@ 2 :> 3 @@ 3 :> 5 @@ 4 :> 0 @@ 5 :> 0 @@ 7 :> 0)
/\ kind = (0 :> "FindPredecessor" @@ 1 :> "?" @@ 3 :> "?")

@!@!@ENDMSG 2217 @!@!@
"i"
1
6
3
FALSE
@!@!@STARTMSG 2217:4 @!@!@
8: <WaitForMessages line 133, col 26 to line 145, col 73 of module actor>
/\ stack = (0 :> <<>> @@ 1 :> <<>> @@ 3 :> <<>>)
/\ triggered = FALSE
/\ actorInboxes = (0 :> <<>> @@ 1 :> <<>> @@ 3 :> <<>>)
/\ i = (0 :> 1 @@ 1 :> defaultInitValue @@ 3 :> defaultInitValue)
/\ id = (0 :> 6 @@ 1 :> defaultInitValue @@ 3 :> defaultInitValue)
/\ m = 3
/\ asker = (0 :> 0 @@ 1 :> defaultInitValue @@ 3 :> defaultInitValue)
/\ currentMessage = ( 0 :> <<"FindPredecessor", 6, 0>> @@
  1 :> <<"FindPredecessor", 6, 0>> @@
  3 :> <<"?", "no_content">> )
/\ content = (0 :> 6 @@ 1 :> 6 @@ 3 :> "no_content")
/\ pc = (0 :> "WaitForMessages" @@ 1 :> "ProcessMessage" @@ 3 :> "WaitForMessages")
/\ trigger_content = (0 :> "?" @@ 1 :> "?" @@ 3 :> "?")
/\ fingerTables = (0 :> <<1>> @@ 1 :> (2 :> 3) @@ 2 :> 3 @@ 3 :> 5 @@ 4 :> 0 @@ 5 :> 0 @@ 7 :> 0)
/\ kind = (0 :> "FindPredecessor" @@ 1 :> "FindPredecessor" @@ 3 :> "?")

@!@!@ENDMSG 2217 @!@!@
@!@!@STARTMSG 2217:4 @!@!@
9: <ProcessMessage line 147, col 25 to line 176, col 72 of module actor>
/\ stack = (0 :> <<>> @@ 1 :> <<>> @@ 3 :> <<>>)
/\ triggered = FALSE
/\ actorInboxes = (0 :> <<>> @@ 1 :> <<>> @@ 3 :> <<>>)
/\ i = (0 :> 1 @@ 1 :> 3 @@ 3 :> defaultInitValue)
/\ id = (0 :> 6 @@ 1 :> 6 @@ 3 :> defaultInitValue)
/\ m = 3
/\ asker = (0 :> 0 @@ 1 :> 0 @@ 3 :> defaultInitValue)
/\ currentMessage = ( 0 :> <<"FindPredecessor", 6, 0>> @@
  1 :> <<"FindPredecessor", 6, 0>> @@
  3 :> <<"?", "no_content">> )
/\ content = (0 :> 6 @@ 1 :> 6 @@ 3 :> "no_content")
/\ pc = (0 :> "WaitForMessages" @@ 1 :> "FindFistSuitableI" @@ 3 :> "WaitForMessages")
/\ trigger_content = (0 :> "?" @@ 1 :> "?" @@ 3 :> "?")
/\ fingerTables = (0 :> <<1>> @@ 1 :> (2 :> 3) @@ 2 :> 3 @@ 3 :> 5 @@ 4 :> 0 @@ 5 :> 0 @@ 7 :> 0)
/\ kind = (0 :> "FindPredecessor" @@ 1 :> "FindPredecessor" @@ 3 :> "?")

@!@!@ENDMSG 2217 @!@!@
FALSE
@!@!@STARTMSG 2217:4 @!@!@
10: <FindFistSuitableI line 178, col 28 to line 189, col 70 of module actor>
/\ stack = (0 :> <<>> @@ 1 :> <<>> @@ 3 :> <<>>)
/\ triggered = FALSE
/\ actorInboxes = (0 :> <<>> @@ 1 :> <<>> @@ 3 :> <<>>)
/\ i = (0 :> 1 @@ 1 :> 2 @@ 3 :> defaultInitValue)
/\ id = (0 :> 6 @@ 1 :> 6 @@ 3 :> defaultInitValue)
/\ m = 3
/\ asker = (0 :> 0 @@ 1 :> 0 @@ 3 :> defaultInitValue)
/\ currentMessage = ( 0 :> <<"FindPredecessor", 6, 0>> @@
  1 :> <<"FindPredecessor", 6, 0>> @@
  3 :> <<"?", "no_content">> )
/\ content = (0 :> 6 @@ 1 :> 6 @@ 3 :> "no_content")
/\ pc = (0 :> "WaitForMessages" @@ 1 :> "FindFistSuitableI" @@ 3 :> "WaitForMessages")
/\ trigger_content = (0 :> "?" @@ 1 :> "?" @@ 3 :> "?")
/\ fingerTables = (0 :> <<1>> @@ 1 :> (2 :> 3) @@ 2 :> 3 @@ 3 :> 5 @@ 4 :> 0 @@ 5 :> 0 @@ 7 :> 0)
/\ kind = (0 :> "FindPredecessor" @@ 1 :> "FindPredecessor" @@ 3 :> "?")

@!@!@ENDMSG 2217 @!@!@
"hey"
0
6
1
FALSE
"i"
2
0
6
1
FALSE
"hey"
0
6
1
FALSE
2
"i"
2
"i"
2
"hey"
"i"
"i"
2
2
@!@!@STARTMSG 2217:4 @!@!@
11: <FindFistSuitableI line 178, col 28 to line 189, col 70 of module actor>
/\ stack = (0 :> <<>> @@ 1 :> <<>> @@ 3 :> <<>>)
/\ triggered = FALSE
/\ actorInboxes = (0 :> <<>> @@ 1 :> <<>> @@ 3 :> <<>>)
/\ i = (0 :> 1 @@ 1 :> 2 @@ 3 :> defaultInitValue)
/\ id = (0 :> 6 @@ 1 :> 6 @@ 3 :> defaultInitValue)
/\ m = 3
/\ asker = (0 :> 0 @@ 1 :> 0 @@ 3 :> defaultInitValue)
/\ currentMessage = ( 0 :> <<"FindPredecessor", 6, 0>> @@
  1 :> <<"FindPredecessor", 6, 0>> @@
  3 :> <<"?", "no_content">> )
/\ content = (0 :> 6 @@ 1 :> 6 @@ 3 :> "no_content")
/\ pc = (0 :> "WaitForMessages" @@ 1 :> "MainLoop" @@ 3 :> "WaitForMessages")
/\ trigger_content = (0 :> "?" @@ 1 :> "?" @@ 3 :> "?")
/\ fingerTables = (0 :> <<1>> @@ 1 :> (2 :> 3) @@ 2 :> 3 @@ 3 :> 5 @@ 4 :> 0 @@ 5 :> 0 @@ 7 :> 0)
/\ kind = (0 :> "FindPredecessor" @@ 1 :> "FindPredecessor" @@ 3 :> "?")

@!@!@ENDMSG 2217 @!@!@
"i"
2
0
6
1
FALSE
"hey"
0
6
1
FALSE
"hey"
"i"
2
0
6
1
FALSE
"hey"
0
6
1
FALSE
"i"
2
0
6
1
FALSE
"hey"
0
6
1
FALSE
"i"
2
"i"
2
0
6
1
FALSE
"hey"
0
6
1
FALSE
"hey"
0
6
1
FALSE
"hey"
0
6
1
FALSE
"hey"
"i"
2
"i"
2
@!@!@STARTMSG 2103:1 @!@!@
The error occurred when TLC was evaluating the nested
expressions at the following positions:
0. Line 191, column 19 to line 201, column 58 in actor
1. Line 191, column 22 to line 191, column 42 in actor
2. Line 192, column 22 to line 198, column 77 in actor
3. Line 192, column 25 to line 192, column 111 in actor
4. Line 192, column 40 to line 192, column 111 in actor
5. Line 192, column 42 to line 192, column 110 in actor
6. Line 5, column 26 to line 5, column 108 in actor
7. Line 5, column 27 to line 5, column 63 in actor
8. Line 5, column 41 to line 5, column 62 in actor
9. Line 5, column 42 to line 5, column 48 in actor
10. Line 5, column 47 to line 5, column 48 in actor
11. Line 192, column 58 to line 192, column 99 in actor


@!@!@ENDMSG 2103 @!@!@
@!@!@STARTMSG 2201:0 @!@!@
The coverage statistics at 2022-02-04 23:02:58
@!@!@ENDMSG 2201 @!@!@
@!@!@STARTMSG 2773:0 @!@!@
<Init line 103, col 1 to line 103, col 4 of module actor>: 2:2
@!@!@ENDMSG 2773 @!@!@
@!@!@STARTMSG 2221:0 @!@!@
  line 104, col 9 to line 120, col 56 of module actor: 2
@!@!@ENDMSG 2221 @!@!@
@!@!@STARTMSG 2772:0 @!@!@
<triggerLabel line 122, col 1 to line 122, col 18 of module actor>: 0:0
@!@!@ENDMSG 2772 @!@!@
@!@!@STARTMSG 2221:0 @!@!@
  line 122, col 26 to line 122, col 50 of module actor: 219
@!@!@ENDMSG 2221 @!@!@
@!@!@STARTMSG 2221:0 @!@!@
  line 123, col 26 to line 123, col 42 of module actor: 0
@!@!@ENDMSG 2221 @!@!@
@!@!@STARTMSG 2221:0 @!@!@
  line 124, col 26 to line 124, col 73 of module actor: 0
@!@!@ENDMSG 2221 @!@!@
@!@!@STARTMSG 2221:0 @!@!@
  line 125, col 26 to line 125, col 112 of module actor: 0
@!@!@ENDMSG 2221 @!@!@
@!@!@STARTMSG 2221:0 @!@!@
  line 126, col 26 to line 126, col 76 of module actor: 0
@!@!@ENDMSG 2221 @!@!@
@!@!@STARTMSG 2221:0 @!@!@
  line 127, col 26 to line 129, col 42 of module actor: 0
@!@!@ENDMSG 2221 @!@!@
@!@!@STARTMSG 2772:0 @!@!@
<WaitForMessages line 133, col 1 to line 133, col 21 of module actor>: 27:78
@!@!@ENDMSG 2772 @!@!@
@!@!@STARTMSG 2221:0 @!@!@
  line 133, col 29 to line 133, col 56 of module actor: 279
@!@!@ENDMSG 2221 @!@!@
@!@!@STARTMSG 2221:0 @!@!@
  |line 133, col 29 to line 133, col 36 of module actor: 201
@!@!@ENDMSG 2221 @!@!@
@!@!@STARTMSG 2221:0 @!@!@
  line 134, col 32 to line 134, col 57 of module actor: 78
@!@!@ENDMSG 2221 @!@!@
@!@!@STARTMSG 2221:0 @!@!@
  line 135, col 37 to line 138, col 111 of module actor: 18
@!@!@ENDMSG 2221 @!@!@
@!@!@STARTMSG 2221:0 @!@!@
  line 139, col 40 to line 139, col 43 of module actor: 60
@!@!@ENDMSG 2221 @!@!@
@!@!@STARTMSG 2221:0 @!@!@
  line 140, col 40 to line 142, col 62 of module actor: 60
@!@!@ENDMSG 2221 @!@!@
@!@!@STARTMSG 2221:0 @!@!@
  line 143, col 29 to line 143, col 72 of module actor: 78
@!@!@ENDMSG 2221 @!@!@
@!@!@STARTMSG 2221:0 @!@!@
  line 144, col 29 to line 145, col 73 of module actor: 78
@!@!@ENDMSG 2221 @!@!@
@!@!@STARTMSG 2772:0 @!@!@
<ProcessMessage line 147, col 1 to line 147, col 20 of module actor>: 15:74
@!@!@ENDMSG 2772 @!@!@
@!@!@STARTMSG 2221:0 @!@!@
  line 147, col 28 to line 147, col 54 of module actor: 273
@!@!@ENDMSG 2221 @!@!@
@!@!@STARTMSG 2221:0 @!@!@
  |line 147, col 28 to line 147, col 35 of module actor: 199
@!@!@ENDMSG 2221 @!@!@
@!@!@STARTMSG 2221:0 @!@!@
  line 148, col 31 to line 148, col 60 of module actor: 74
@!@!@ENDMSG 2221 @!@!@
@!@!@STARTMSG 2221:0 @!@!@
  line 149, col 39 to line 149, col 89 of module actor: 24
@!@!@ENDMSG 2221 @!@!@
@!@!@STARTMSG 2221:0 @!@!@
  line 150, col 39 to line 150, col 95 of module actor: 24
@!@!@ENDMSG 2221 @!@!@
@!@!@STARTMSG 2221:0 @!@!@
  line 151, col 39 to line 151, col 50 of module actor: 24
@!@!@ENDMSG 2221 @!@!@
@!@!@STARTMSG 2221:0 @!@!@
  line 152, col 39 to line 152, col 55 of module actor: 24
@!@!@ENDMSG 2221 @!@!@
@!@!@STARTMSG 2221:0 @!@!@
  line 153, col 39 to line 153, col 74 of module actor: 24
@!@!@ENDMSG 2221 @!@!@
@!@!@STARTMSG 2221:0 @!@!@
  line 154, col 39 to line 154, col 102 of module actor: 24
@!@!@ENDMSG 2221 @!@!@
@!@!@STARTMSG 2221:0 @!@!@
  |line 154, col 46 to line 154, col 101 of module actor: 24
@!@!@ENDMSG 2221 @!@!@
@!@!@STARTMSG 2221:0 @!@!@
  ||line 4, col 26 to line 4, col 110 of module actor: 24
@!@!@ENDMSG 2221 @!@!@
@!@!@STARTMSG 2221:0 @!@!@
  ||line 154, col 56 to line 154, col 59 of module actor: 24
@!@!@ENDMSG 2221 @!@!@
@!@!@STARTMSG 2221:0 @!@!@
  ||line 154, col 62 to line 154, col 70 of module actor: 48
@!@!@ENDMSG 2221 @!@!@
@!@!@STARTMSG 2221:0 @!@!@
  ||line 154, col 73 to line 154, col 100 of module actor: 24
@!@!@ENDMSG 2221 @!@!@
@!@!@STARTMSG 2221:0 @!@!@
  line 155, col 42 to line 155, col 97 of module actor: 24
@!@!@ENDMSG 2221 @!@!@
@!@!@STARTMSG 2221:0 @!@!@
  |line 4, col 26 to line 4, col 110 of module actor: 24
@!@!@ENDMSG 2221 @!@!@
@!@!@STARTMSG 2221:0 @!@!@
  |line 155, col 52 to line 155, col 55 of module actor: 24
@!@!@ENDMSG 2221 @!@!@
@!@!@STARTMSG 2221:0 @!@!@
  |line 155, col 58 to line 155, col 66 of module actor: 48
@!@!@ENDMSG 2221 @!@!@
@!@!@STARTMSG 2221:0 @!@!@
  |line 155, col 69 to line 155, col 96 of module actor: 24
@!@!@ENDMSG 2221 @!@!@
@!@!@STARTMSG 2221:0 @!@!@
  line 156, col 50 to line 156, col 164 of module actor: 0
@!@!@ENDMSG 2221 @!@!@
@!@!@STARTMSG 2221:0 @!@!@
  line 157, col 50 to line 157, col 94 of module actor: 0
@!@!@ENDMSG 2221 @!@!@
@!@!@STARTMSG 2221:0 @!@!@
  line 158, col 50 to line 158, col 55 of module actor: 0
@!@!@ENDMSG 2221 @!@!@
@!@!@STARTMSG 2221:0 @!@!@
  line 159, col 50 to line 159, col 76 of module actor: 24
@!@!@ENDMSG 2221 @!@!@
@!@!@STARTMSG 2221:0 @!@!@
  line 160, col 50 to line 160, col 62 of module actor: 24
@!@!@ENDMSG 2221 @!@!@
@!@!@STARTMSG 2221:0 @!@!@
  line 161, col 50 to line 161, col 96 of module actor: 24
@!@!@ENDMSG 2221 @!@!@
@!@!@STARTMSG 2221:0 @!@!@
  line 162, col 50 to line 162, col 71 of module actor: 24
@!@!@ENDMSG 2221 @!@!@
@!@!@STARTMSG 2221:0 @!@!@
  line 163, col 39 to line 163, col 76 of module actor: 24
@!@!@ENDMSG 2221 @!@!@
@!@!@STARTMSG 2221:0 @!@!@
  line 164, col 42 to line 164, col 67 of module actor: 50
@!@!@ENDMSG 2221 @!@!@
@!@!@STARTMSG 2221:0 @!@!@
  line 165, col 53 to line 168, col 101 of module actor: 0
@!@!@ENDMSG 2221 @!@!@
@!@!@STARTMSG 2221:0 @!@!@
  line 169, col 53 to line 169, col 119 of module actor: 0
@!@!@ENDMSG 2221 @!@!@
@!@!@STARTMSG 2221:0 @!@!@
  line 170, col 50 to line 170, col 91 of module actor: 0
@!@!@ENDMSG 2221 @!@!@
@!@!@STARTMSG 2221:0 @!@!@
  line 171, col 50 to line 171, col 94 of module actor: 50
@!@!@ENDMSG 2221 @!@!@
@!@!@STARTMSG 2221:0 @!@!@
  line 172, col 50 to line 173, col 80 of module actor: 50
@!@!@ENDMSG 2221 @!@!@
@!@!@STARTMSG 2221:0 @!@!@
  line 174, col 39 to line 174, col 80 of module actor: 50
@!@!@ENDMSG 2221 @!@!@
@!@!@STARTMSG 2221:0 @!@!@
  line 175, col 28 to line 176, col 72 of module actor: 74
@!@!@ENDMSG 2221 @!@!@
@!@!@STARTMSG 2772:0 @!@!@
<FindFistSuitableI line 178, col 1 to line 178, col 23 of module actor>: 26:42
@!@!@ENDMSG 2772 @!@!@
@!@!@STARTMSG 2221:0 @!@!@
  line 178, col 31 to line 178, col 60 of module actor: 239
@!@!@ENDMSG 2221 @!@!@
@!@!@STARTMSG 2221:0 @!@!@
  |line 178, col 31 to line 178, col 38 of module actor: 197
@!@!@ENDMSG 2221 @!@!@
@!@!@STARTMSG 2221:0 @!@!@
  line 179, col 34 to line 179, col 88 of module actor: 42
@!@!@ENDMSG 2221 @!@!@
@!@!@STARTMSG 2221:0 @!@!@
  line 180, col 39 to line 181, col 88 of module actor: 30
@!@!@ENDMSG 2221 @!@!@
@!@!@STARTMSG 2221:0 @!@!@
  line 182, col 39 to line 185, col 47 of module actor: 12
@!@!@ENDMSG 2221 @!@!@
@!@!@STARTMSG 2221:0 @!@!@
  line 186, col 31 to line 189, col 70 of module actor: 42
@!@!@ENDMSG 2221 @!@!@
@!@!@STARTMSG 2772:0 @!@!@
<MainLoop line 191, col 1 to line 191, col 14 of module actor>: 4:5
@!@!@ENDMSG 2772 @!@!@
@!@!@STARTMSG 2221:0 @!@!@
  line 191, col 22 to line 191, col 42 of module actor: 197
@!@!@ENDMSG 2221 @!@!@
@!@!@STARTMSG 2221:0 @!@!@
  |line 191, col 22 to line 191, col 29 of module actor: 192
@!@!@ENDMSG 2221 @!@!@
@!@!@STARTMSG 2221:0 @!@!@
  line 192, col 25 to line 192, col 111 of module actor: 7
@!@!@ENDMSG 2221 @!@!@
@!@!@STARTMSG 2221:0 @!@!@
  |line 192, col 25 to line 192, col 35 of module actor: 7
@!@!@ENDMSG 2221 @!@!@
@!@!@STARTMSG 2221:0 @!@!@
  |line 192, col 40 to line 192, col 111 of module actor: 7
@!@!@ENDMSG 2221 @!@!@
@!@!@STARTMSG 2221:0 @!@!@
  ||line 192, col 42 to line 192, col 110 of module actor: 7
@!@!@ENDMSG 2221 @!@!@
@!@!@STARTMSG 2221:0 @!@!@
  |||line 5, col 26 to line 5, col 108 of module actor: 7
@!@!@ENDMSG 2221 @!@!@
@!@!@STARTMSG 2221:0 @!@!@
  ||||line 5, col 27 to line 5, col 63 of module actor: 7
@!@!@ENDMSG 2221 @!@!@
@!@!@STARTMSG 2221:0 @!@!@
  |||||line 5, col 28 to line 5, col 34 of module actor: 7
@!@!@ENDMSG 2221 @!@!@
@!@!@STARTMSG 2221:0 @!@!@
  |||||line 5, col 41 to line 5, col 62 of module actor: 7
@!@!@ENDMSG 2221 @!@!@
@!@!@STARTMSG 2221:0 @!@!@
  ||||||line 5, col 42 to line 5, col 48 of module actor: 7
@!@!@ENDMSG 2221 @!@!@
@!@!@STARTMSG 2221:0 @!@!@
  ||||||line 5, col 55 to line 5, col 61 of module actor: 5
@!@!@ENDMSG 2221 @!@!@
@!@!@STARTMSG 2221:0 @!@!@
  |||line 192, col 52 to line 192, col 55 of module actor: 7
@!@!@ENDMSG 2221 @!@!@
@!@!@STARTMSG 2221:0 @!@!@
  |||line 192, col 58 to line 192, col 99 of module actor: 7
@!@!@ENDMSG 2221 @!@!@
@!@!@STARTMSG 2221:0 @!@!@
  |||line 192, col 102 to line 192, col 109 of module actor: 7
@!@!@ENDMSG 2221 @!@!@
@!@!@STARTMSG 2221:0 @!@!@
  line 193, col 33 to line 193, col 75 of module actor: 0
@!@!@ENDMSG 2221 @!@!@
@!@!@STARTMSG 2221:0 @!@!@
  line 194, col 33 to line 194, col 54 of module actor: 0
@!@!@ENDMSG 2221 @!@!@
@!@!@STARTMSG 2221:0 @!@!@
  line 195, col 36 to line 195, col 46 of module actor: 5
@!@!@ENDMSG 2221 @!@!@
@!@!@STARTMSG 2221:0 @!@!@
  line 196, col 44 to line 196, col 203 of module actor: 0
@!@!@ENDMSG 2221 @!@!@
@!@!@STARTMSG 2221:0 @!@!@
  line 197, col 41 to line 197, col 215 of module actor: 5
@!@!@ENDMSG 2221 @!@!@
@!@!@STARTMSG 2221:0 @!@!@
  line 198, col 33 to line 198, col 77 of module actor: 5
@!@!@ENDMSG 2221 @!@!@
@!@!@STARTMSG 2221:0 @!@!@
  line 199, col 22 to line 201, col 58 of module actor: 5
@!@!@ENDMSG 2221 @!@!@
@!@!@STARTMSG 2772:0 @!@!@
<FindSuitableI line 203, col 1 to line 203, col 19 of module actor>: 0:0
@!@!@ENDMSG 2772 @!@!@
@!@!@STARTMSG 2221:0 @!@!@
  line 203, col 27 to line 203, col 52 of module actor: 189
@!@!@ENDMSG 2221 @!@!@
@!@!@STARTMSG 2221:0 @!@!@
  line 205, col 38 to line 205, col 74 of module actor: 0
@!@!@ENDMSG 2221 @!@!@
@!@!@STARTMSG 2221:0 @!@!@
  line 206, col 38 to line 206, col 80 of module actor: 0
@!@!@ENDMSG 2221 @!@!@
@!@!@STARTMSG 2221:0 @!@!@
  line 209, col 38 to line 209, col 75 of module actor: 0
@!@!@ENDMSG 2221 @!@!@
@!@!@STARTMSG 2221:0 @!@!@
  line 210, col 38 to line 210, col 43 of module actor: 0
@!@!@ENDMSG 2221 @!@!@
@!@!@STARTMSG 2221:0 @!@!@
  line 211, col 27 to line 214, col 47 of module actor: 0
@!@!@ENDMSG 2221 @!@!@
@!@!@STARTMSG 2202:0 @!@!@
End of statistics.
@!@!@ENDMSG 2202 @!@!@
@!@!@STARTMSG 2200:0 @!@!@
Progress(13) at 2022-02-04 23:02:58: 179 states generated (8 223 s/min), 73 distinct states found (3 353 ds/min), 13 states left on queue.
@!@!@ENDMSG 2200 @!@!@
@!@!@STARTMSG 2199:0 @!@!@
179 states generated, 73 distinct states found, 13 states left on queue.
@!@!@ENDMSG 2199 @!@!@
@!@!@STARTMSG 2186:0 @!@!@
Finished in 1315ms at (2022-02-04 23:02:58)
@!@!@ENDMSG 2186 @!@!@
