@!@!@STARTMSG 2262:0 @!@!@
TLC2 Version 2.16 of 31 December 2020 (rev: cdddf55)
@!@!@ENDMSG 2262 @!@!@
@!@!@STARTMSG 2187:0 @!@!@
Running breadth-first search Model-Checking with fp 68 and seed -7833675036603649630 with 4 workers on 8 cores with 448MB heap and 1004MB offheap memory [pid: 9940] (Windows 10 10.0 amd64, AdoptOpenJDK 14.0.1 x86_64, OffHeapDiskFPSet, DiskStateQueue).
@!@!@ENDMSG 2187 @!@!@
@!@!@STARTMSG 2220:0 @!@!@
Starting SANY...
@!@!@ENDMSG 2220 @!@!@
Parsing file D:\TLA\actor\actor.toolbox\Model_2\MC.tla
Parsing file D:\TLA\actor\actor.toolbox\Model_2\actor.tla
Parsing file D:\TLA\TLAToolbox-1.7.1-win32.win32.x86_64\toolbox\plugins\org.lamport.tlatools_1.0.0.202012311918\tla2sany\StandardModules\TLC.tla
Parsing file D:\TLA\TLAToolbox-1.7.1-win32.win32.x86_64\toolbox\plugins\org.lamport.tlatools_1.0.0.202012311918\tla2sany\StandardModules\Integers.tla
Parsing file D:\TLA\TLAToolbox-1.7.1-win32.win32.x86_64\toolbox\plugins\org.lamport.tlatools_1.0.0.202012311918\tla2sany\StandardModules\Sequences.tla
Parsing file D:\TLA\TLAToolbox-1.7.1-win32.win32.x86_64\toolbox\plugins\org.lamport.tlatools_1.0.0.202012311918\tla2sany\StandardModules\Naturals.tla
Parsing file D:\TLA\TLAToolbox-1.7.1-win32.win32.x86_64\toolbox\plugins\org.lamport.tlatools_1.0.0.202012311918\tla2sany\StandardModules\FiniteSets.tla
Semantic processing of module Naturals
Semantic processing of module Sequences
Semantic processing of module FiniteSets
Semantic processing of module TLC
Semantic processing of module Integers
Semantic processing of module actor
Semantic processing of module MC
@!@!@STARTMSG 2219:0 @!@!@
SANY finished.
@!@!@ENDMSG 2219 @!@!@
@!@!@STARTMSG 2185:0 @!@!@
Starting... (2022-02-04 23:14:14)
@!@!@ENDMSG 2185 @!@!@
@!@!@STARTMSG 2212:0 @!@!@
Implied-temporal checking--satisfiability problem has 1 branches.
@!@!@ENDMSG 2212 @!@!@
@!@!@STARTMSG 2189:0 @!@!@
Computing initial states...
@!@!@ENDMSG 2189 @!@!@
@!@!@STARTMSG 2190:0 @!@!@
Finished computing initial states: 1 distinct state generated at 2022-02-04 23:14:14.
@!@!@ENDMSG 2190 @!@!@
"i"
1
"i"
1
"i"
1
"i"
1
"i"
1
"i"
1
"i"
1
"i"
1
"i"
1
"i"
1
"i"
1
"i"
1
"i"
1
"i"
1
"i"
1
"i"
1
"i"
1
"i"
1
"i"
1
"i"
"i"
1
1
"i"
1
"i"
"i"
1
1
"i"
1
"i"
1
"i"
"i"
1
1
"i"
1
"i"
1
"i"
1
"i"
1
"i"
1
"i"
1
"i"
1
"i"
1
"i"
1
"i"
1
"i"
"i"
1
1
"i"
1
"i"
1
"i"
1
"i"
1
"i"
1
"i"
1
"i"
1
"i"
1
"i"
1
"i"
1
"i"
1
"i"
1
"i"
1
"i"
1
"i"
1
"i"
1
"i"
1
"i"
1
"i"
1
"i"
1
"i"
1
"i"
1
"i"
1
"i"
1
"i"
1
"i"
1
"i"
1
"i"
1
"i"
1
"i"
1
"i"
1
"i"
1
"i"
1
"i"
1
"i"
1
"i"
1
"i"
1
"i"
1
"i"
"i"
1
"i"
1
"i"
1
"i"
"i"
1
1
"i"
1
"i"
1
1
"i"
1
"i"
1
"i"
"i"
1
1
"i"
1
"i"
1
"i"
"i"
1
1
"i"
1
"i"
1
"i"
1
"i"
"i"
1
1
"i"
1
"i"
1
"i"
1
"i"
1
"i"
1
"i"
1
"i"
1
"i"
1
"i"
1
"i"
1
"i"
1
"i"
1
"i"
1
"i"
1
"i"
1
"i"
1
"i"
1
"i"
1
"i"
1
"i"
1
"i"
1
"i"
1
"i"
1
"i"
"i"
1
1
"i"
1
"i"
1
"i"
1
"i"
1
"i"
1
"i"
1
"i"
1
"i"
1
"i"
1
"i"
1
"i"
1
"i"
1
"i"
1
"i"
1
"i"
1
"i"
1
"i"
1
"i"
1
"i"
1
"i"
1
"i"
1
"i"
1
"i"
1
"i"
1
"i"
1
"i"
1
"i"
1
"i"
1
"i"
1
"i"
1
"i"
1
"i"
1
"i"
1
"i"
1
"i"
"i"
1
"i"
1
"i"
1
"i"
1
"i"
1
"i"
1
"i"
1
"i"
1
"i"
"i"
1
1
"i"
1
"i"
"i"
1
1
"i"
1
"i"
1
"i"
1
1
"i"
"i"
1
1
"i"
1
"i"
1
"i"
1
"i"
1
"i"
1
"i"
1
"i"
1
"i"
1
"i"
1
"i"
1
"i"
1
"i"
1
"i"
1
"i"
1
"i"
1
"i"
1
"i"
1
"i"
1
"i"
1
"i"
1
"i"
"i"
1
"i"
"i"
1
1
"i"
1
1
"i"
1
"i"
1
"i"
"i"
1
1
"i"
1
"i"
1
"i"
1
"i"
1
"i"
1
"i"
1
"i"
1
"i"
1
"i"
1
"i"
1
"i"
1
"i"
1
"i"
1
"i"
1
"i"
"i"
1
1
"i"
1
"i"
"i"
1
1
"i"
1
"i"
"i"
1
1
"i"
"i"
1
1
"i"
1
"i"
"i"
1
1
"i"
1
"i"
"i"
1
1
"i"
1
"i"
1
"i"
1
"i"
1
"i"
1
"i"
"i"
1
1
"i"
1
"i"
1
"i"
"i"
1
1
"i"
1
"i"
1
"i"
1
"i"
1
"i"
1
"i"
"i"
1
1
"i"
1
"i"
1
"i"
1
"i"
1
"i"
"i"
1
1
"i"
"i"
1
1
"i"
1
"i"
1
"i"
1
@!@!@STARTMSG 1000:1 @!@!@
TLC threw an unexpected exception.
This was probably caused by an error in the spec or model.
See the User Output or TLC Console for clues to what happened.
The exception was a java.lang.RuntimeException
: A non-function (an integer) was applied as a function.
line 147, col 69 to line 147, col 96 of module actor
@!@!@ENDMSG 1000 @!@!@
"i"
1
"i"
1
"i"
"i"
1
"i"
1
1
"i"
"i"
1
1
"i"
"i"
1
1
"i"
"i"
1
1
"i"
"i"
1
1
"i"
1
"i"
"i"
1
1
"i"
1
"i"
1
"i"
1
"i"
1
"i"
1
"i"
1
"i"
1
"i"
1
"i"
1
"i"
1
"i"
1
@!@!@STARTMSG 2121:1 @!@!@
The behavior up to this point is:
@!@!@ENDMSG 2121 @!@!@
@!@!@STARTMSG 2217:4 @!@!@
1: <Initial predicate>
/\ stack = (0 :> <<>> @@ 1 :> <<>> @@ 3 :> <<>>)
/\ triggered = FALSE
/\ actorInboxes = (0 :> <<<<"FindPredecessor", 6, 0>>>> @@ 1 :> <<>> @@ 3 :> <<>>)
/\ i = (0 :> defaultInitValue @@ 1 :> defaultInitValue @@ 3 :> defaultInitValue)
/\ id = (0 :> defaultInitValue @@ 1 :> defaultInitValue @@ 3 :> defaultInitValue)
/\ m = 3
/\ asker = (0 :> defaultInitValue @@ 1 :> defaultInitValue @@ 3 :> defaultInitValue)
/\ currentMessage = ( 0 :> <<"?", "no_content">> @@
  1 :> <<"?", "no_content">> @@
  3 :> <<"?", "no_content">> )
/\ content = (0 :> "no_content" @@ 1 :> "no_content" @@ 3 :> "no_content")
/\ pc = (0 :> "WaitForMessages" @@ 1 :> "WaitForMessages" @@ 3 :> "WaitForMessages")
/\ trigger_content = (0 :> "?" @@ 1 :> "?" @@ 3 :> "?")
/\ fingerTables = (0 :> <<1>> @@ 1 :> (2 :> 3) @@ 2 :> 3 @@ 3 :> 5 @@ 4 :> 0 @@ 5 :> 0 @@ 7 :> 0)
/\ kind = (0 :> "?" @@ 1 :> "?" @@ 3 :> "?")

@!@!@ENDMSG 2217 @!@!@
@!@!@STARTMSG 2217:4 @!@!@
2: <WaitForMessages line 129, col 26 to line 141, col 73 of module actor>
/\ stack = (0 :> <<>> @@ 1 :> <<>> @@ 3 :> <<>>)
/\ triggered = FALSE
/\ actorInboxes = (0 :> <<>> @@ 1 :> <<>> @@ 3 :> <<>>)
/\ i = (0 :> defaultInitValue @@ 1 :> defaultInitValue @@ 3 :> defaultInitValue)
/\ id = (0 :> defaultInitValue @@ 1 :> defaultInitValue @@ 3 :> defaultInitValue)
/\ m = 3
/\ asker = (0 :> defaultInitValue @@ 1 :> defaultInitValue @@ 3 :> defaultInitValue)
/\ currentMessage = ( 0 :> <<"FindPredecessor", 6, 0>> @@
  1 :> <<"?", "no_content">> @@
  3 :> <<"?", "no_content">> )
/\ content = (0 :> 6 @@ 1 :> "no_content" @@ 3 :> "no_content")
/\ pc = (0 :> "ProcessMessage" @@ 1 :> "WaitForMessages" @@ 3 :> "WaitForMessages")
/\ trigger_content = (0 :> "?" @@ 1 :> "?" @@ 3 :> "?")
/\ fingerTables = (0 :> <<1>> @@ 1 :> (2 :> 3) @@ 2 :> 3 @@ 3 :> 5 @@ 4 :> 0 @@ 5 :> 0 @@ 7 :> 0)
/\ kind = (0 :> "FindPredecessor" @@ 1 :> "?" @@ 3 :> "?")

@!@!@ENDMSG 2217 @!@!@
@!@!@STARTMSG 2217:4 @!@!@
3: <ProcessMessage line 143, col 25 to line 167, col 72 of module actor>
/\ stack = (0 :> <<>> @@ 1 :> <<>> @@ 3 :> <<>>)
/\ triggered = FALSE
/\ actorInboxes = (0 :> <<>> @@ 1 :> <<>> @@ 3 :> <<>>)
/\ i = (0 :> 3 @@ 1 :> defaultInitValue @@ 3 :> defaultInitValue)
/\ id = (0 :> 6 @@ 1 :> defaultInitValue @@ 3 :> defaultInitValue)
/\ m = 3
/\ asker = (0 :> 0 @@ 1 :> defaultInitValue @@ 3 :> defaultInitValue)
/\ currentMessage = ( 0 :> <<"FindPredecessor", 6, 0>> @@
  1 :> <<"?", "no_content">> @@
  3 :> <<"?", "no_content">> )
/\ content = (0 :> 6 @@ 1 :> "no_content" @@ 3 :> "no_content")
/\ pc = (0 :> "FindFistSuitableI" @@ 1 :> "WaitForMessages" @@ 3 :> "WaitForMessages")
/\ trigger_content = (0 :> "?" @@ 1 :> "?" @@ 3 :> "?")
/\ fingerTables = (0 :> <<1>> @@ 1 :> (2 :> 3) @@ 2 :> 3 @@ 3 :> 5 @@ 4 :> 0 @@ 5 :> 0 @@ 7 :> 0)
/\ kind = (0 :> "FindPredecessor" @@ 1 :> "?" @@ 3 :> "?")

@!@!@ENDMSG 2217 @!@!@
@!@!@STARTMSG 2217:4 @!@!@
4: <FindFistSuitableI line 169, col 28 to line 180, col 70 of module actor>
/\ stack = (0 :> <<>> @@ 1 :> <<>> @@ 3 :> <<>>)
/\ triggered = FALSE
/\ actorInboxes = (0 :> <<>> @@ 1 :> <<>> @@ 3 :> <<>>)
/\ i = (0 :> 2 @@ 1 :> defaultInitValue @@ 3 :> defaultInitValue)
/\ id = (0 :> 6 @@ 1 :> defaultInitValue @@ 3 :> defaultInitValue)
/\ m = 3
/\ asker = (0 :> 0 @@ 1 :> defaultInitValue @@ 3 :> defaultInitValue)
/\ currentMessage = ( 0 :> <<"FindPredecessor", 6, 0>> @@
  1 :> <<"?", "no_content">> @@
  3 :> <<"?", "no_content">> )
/\ content = (0 :> 6 @@ 1 :> "no_content" @@ 3 :> "no_content")
/\ pc = (0 :> "FindFistSuitableI" @@ 1 :> "WaitForMessages" @@ 3 :> "WaitForMessages")
/\ trigger_content = (0 :> "?" @@ 1 :> "?" @@ 3 :> "?")
/\ fingerTables = (0 :> <<1>> @@ 1 :> (2 :> 3) @@ 2 :> 3 @@ 3 :> 5 @@ 4 :> 0 @@ 5 :> 0 @@ 7 :> 0)
/\ kind = (0 :> "FindPredecessor" @@ 1 :> "?" @@ 3 :> "?")

@!@!@ENDMSG 2217 @!@!@
"i"
1
"i"
1
"i"
1
"i"
@!@!@STARTMSG 2217:4 @!@!@
5: <FindFistSuitableI line 169, col 28 to line 180, col 70 of module actor>
/\ stack = (0 :> <<>> @@ 1 :> <<>> @@ 3 :> <<>>)
/\ triggered = FALSE
/\ actorInboxes = (0 :> <<>> @@ 1 :> <<>> @@ 3 :> <<>>)
/\ i = (0 :> 1 @@ 1 :> defaultInitValue @@ 3 :> defaultInitValue)
/\ id = (0 :> 6 @@ 1 :> defaultInitValue @@ 3 :> defaultInitValue)
/\ m = 3
/\ asker = (0 :> 0 @@ 1 :> defaultInitValue @@ 3 :> defaultInitValue)
/\ currentMessage = ( 0 :> <<"FindPredecessor", 6, 0>> @@
  1 :> <<"?", "no_content">> @@
  3 :> <<"?", "no_content">> )
/\ content = (0 :> 6 @@ 1 :> "no_content" @@ 3 :> "no_content")
/\ pc = (0 :> "FindFistSuitableI" @@ 1 :> "WaitForMessages" @@ 3 :> "WaitForMessages")
/\ trigger_content = (0 :> "?" @@ 1 :> "?" @@ 3 :> "?")
/\ fingerTables = (0 :> <<1>> @@ 1 :> (2 :> 3) @@ 2 :> 3 @@ 3 :> 5 @@ 4 :> 0 @@ 5 :> 0 @@ 7 :> 0)
/\ kind = (0 :> "FindPredecessor" @@ 1 :> "?" @@ 3 :> "?")

@!@!@ENDMSG 2217 @!@!@
1
@!@!@STARTMSG 2217:4 @!@!@
6: <FindFistSuitableI line 169, col 28 to line 180, col 70 of module actor>
/\ stack = (0 :> <<>> @@ 1 :> <<>> @@ 3 :> <<>>)
/\ triggered = FALSE
/\ actorInboxes = (0 :> <<>> @@ 1 :> <<>> @@ 3 :> <<>>)
/\ i = (0 :> 1 @@ 1 :> defaultInitValue @@ 3 :> defaultInitValue)
/\ id = (0 :> 6 @@ 1 :> defaultInitValue @@ 3 :> defaultInitValue)
/\ m = 3
/\ asker = (0 :> 0 @@ 1 :> defaultInitValue @@ 3 :> defaultInitValue)
/\ currentMessage = ( 0 :> <<"FindPredecessor", 6, 0>> @@
  1 :> <<"?", "no_content">> @@
  3 :> <<"?", "no_content">> )
/\ content = (0 :> 6 @@ 1 :> "no_content" @@ 3 :> "no_content")
/\ pc = (0 :> "MainLoop" @@ 1 :> "WaitForMessages" @@ 3 :> "WaitForMessages")
/\ trigger_content = (0 :> "?" @@ 1 :> "?" @@ 3 :> "?")
/\ fingerTables = (0 :> <<1>> @@ 1 :> (2 :> 3) @@ 2 :> 3 @@ 3 :> 5 @@ 4 :> 0 @@ 5 :> 0 @@ 7 :> 0)
/\ kind = (0 :> "FindPredecessor" @@ 1 :> "?" @@ 3 :> "?")

@!@!@ENDMSG 2217 @!@!@
"i"
1
@!@!@STARTMSG 2217:4 @!@!@
7: <MainLoop line 182, col 19 to line 194, col 55 of module actor>
/\ stack = (0 :> <<>> @@ 1 :> <<>> @@ 3 :> <<>>)
/\ triggered = FALSE
/\ actorInboxes = (0 :> <<>> @@ 1 :> <<<<"FindPredecessor", 6, 0>>>> @@ 3 :> <<>>)
/\ i = (0 :> 1 @@ 1 :> defaultInitValue @@ 3 :> defaultInitValue)
/\ id = (0 :> 6 @@ 1 :> defaultInitValue @@ 3 :> defaultInitValue)
/\ m = 3
/\ asker = (0 :> 0 @@ 1 :> defaultInitValue @@ 3 :> defaultInitValue)
/\ currentMessage = ( 0 :> <<"FindPredecessor", 6, 0>> @@
  1 :> <<"?", "no_content">> @@
  3 :> <<"?", "no_content">> )
/\ content = (0 :> 6 @@ 1 :> "no_content" @@ 3 :> "no_content")
/\ pc = (0 :> "WaitForMessages" @@ 1 :> "WaitForMessages" @@ 3 :> "WaitForMessages")
/\ trigger_content = (0 :> "?" @@ 1 :> "?" @@ 3 :> "?")
/\ fingerTables = (0 :> <<1>> @@ 1 :> (2 :> 3) @@ 2 :> 3 @@ 3 :> 5 @@ 4 :> 0 @@ 5 :> 0 @@ 7 :> 0)
/\ kind = (0 :> "FindPredecessor" @@ 1 :> "?" @@ 3 :> "?")

@!@!@ENDMSG 2217 @!@!@
"i"
1
@!@!@STARTMSG 2217:4 @!@!@
8: <WaitForMessages line 129, col 26 to line 141, col 73 of module actor>
/\ stack = (0 :> <<>> @@ 1 :> <<>> @@ 3 :> <<>>)
/\ triggered = FALSE
/\ actorInboxes = (0 :> <<>> @@ 1 :> <<>> @@ 3 :> <<>>)
/\ i = (0 :> 1 @@ 1 :> defaultInitValue @@ 3 :> defaultInitValue)
/\ id = (0 :> 6 @@ 1 :> defaultInitValue @@ 3 :> defaultInitValue)
/\ m = 3
/\ asker = (0 :> 0 @@ 1 :> defaultInitValue @@ 3 :> defaultInitValue)
/\ currentMessage = ( 0 :> <<"FindPredecessor", 6, 0>> @@
  1 :> <<"FindPredecessor", 6, 0>> @@
  3 :> <<"?", "no_content">> )
/\ content = (0 :> 6 @@ 1 :> 6 @@ 3 :> "no_content")
/\ pc = (0 :> "WaitForMessages" @@ 1 :> "ProcessMessage" @@ 3 :> "WaitForMessages")
/\ trigger_content = (0 :> "?" @@ 1 :> "?" @@ 3 :> "?")
/\ fingerTables = (0 :> <<1>> @@ 1 :> (2 :> 3) @@ 2 :> 3 @@ 3 :> 5 @@ 4 :> 0 @@ 5 :> 0 @@ 7 :> 0)
/\ kind = (0 :> "FindPredecessor" @@ 1 :> "FindPredecessor" @@ 3 :> "?")

@!@!@ENDMSG 2217 @!@!@
"i"
1
@!@!@STARTMSG 2217:4 @!@!@
9: <ProcessMessage line 143, col 25 to line 167, col 72 of module actor>
/\ stack = (0 :> <<>> @@ 1 :> <<>> @@ 3 :> <<>>)
/\ triggered = FALSE
/\ actorInboxes = (0 :> <<>> @@ 1 :> <<>> @@ 3 :> <<>>)
/\ i = (0 :> 1 @@ 1 :> 3 @@ 3 :> defaultInitValue)
/\ id = (0 :> 6 @@ 1 :> 6 @@ 3 :> defaultInitValue)
/\ m = 3
/\ asker = (0 :> 0 @@ 1 :> 0 @@ 3 :> defaultInitValue)
/\ currentMessage = ( 0 :> <<"FindPredecessor", 6, 0>> @@
  1 :> <<"FindPredecessor", 6, 0>> @@
  3 :> <<"?", "no_content">> )
/\ content = (0 :> 6 @@ 1 :> 6 @@ 3 :> "no_content")
/\ pc = (0 :> "WaitForMessages" @@ 1 :> "FindFistSuitableI" @@ 3 :> "WaitForMessages")
/\ trigger_content = (0 :> "?" @@ 1 :> "?" @@ 3 :> "?")
/\ fingerTables = (0 :> <<1>> @@ 1 :> (2 :> 3) @@ 2 :> 3 @@ 3 :> 5 @@ 4 :> 0 @@ 5 :> 0 @@ 7 :> 0)
/\ kind = (0 :> "FindPredecessor" @@ 1 :> "FindPredecessor" @@ 3 :> "?")

@!@!@ENDMSG 2217 @!@!@
"i"
1
"i"
1
@!@!@STARTMSG 2217:4 @!@!@
10: <FindFistSuitableI line 169, col 28 to line 180, col 70 of module actor>
/\ stack = (0 :> <<>> @@ 1 :> <<>> @@ 3 :> <<>>)
/\ triggered = FALSE
/\ actorInboxes = (0 :> <<>> @@ 1 :> <<>> @@ 3 :> <<>>)
/\ i = (0 :> 1 @@ 1 :> 2 @@ 3 :> defaultInitValue)
/\ id = (0 :> 6 @@ 1 :> 6 @@ 3 :> defaultInitValue)
/\ m = 3
/\ asker = (0 :> 0 @@ 1 :> 0 @@ 3 :> defaultInitValue)
/\ currentMessage = ( 0 :> <<"FindPredecessor", 6, 0>> @@
  1 :> <<"FindPredecessor", 6, 0>> @@
  3 :> <<"?", "no_content">> )
/\ content = (0 :> 6 @@ 1 :> 6 @@ 3 :> "no_content")
/\ pc = (0 :> "WaitForMessages" @@ 1 :> "FindFistSuitableI" @@ 3 :> "WaitForMessages")
/\ trigger_content = (0 :> "?" @@ 1 :> "?" @@ 3 :> "?")
/\ fingerTables = (0 :> <<1>> @@ 1 :> (2 :> 3) @@ 2 :> 3 @@ 3 :> 5 @@ 4 :> 0 @@ 5 :> 0 @@ 7 :> 0)
/\ kind = (0 :> "FindPredecessor" @@ 1 :> "FindPredecessor" @@ 3 :> "?")

@!@!@ENDMSG 2217 @!@!@
"i"
1
"i"
@!@!@STARTMSG 2217:4 @!@!@
11: <FindFistSuitableI line 169, col 28 to line 180, col 70 of module actor>
/\ stack = (0 :> <<>> @@ 1 :> <<>> @@ 3 :> <<>>)
/\ triggered = FALSE
/\ actorInboxes = (0 :> <<>> @@ 1 :> <<>> @@ 3 :> <<>>)
/\ i = (0 :> 1 @@ 1 :> 1 @@ 3 :> defaultInitValue)
/\ id = (0 :> 6 @@ 1 :> 6 @@ 3 :> defaultInitValue)
/\ m = 3
/\ asker = (0 :> 0 @@ 1 :> 0 @@ 3 :> defaultInitValue)
/\ currentMessage = ( 0 :> <<"FindPredecessor", 6, 0>> @@
  1 :> <<"FindPredecessor", 6, 0>> @@
  3 :> <<"?", "no_content">> )
/\ content = (0 :> 6 @@ 1 :> 6 @@ 3 :> "no_content")
/\ pc = (0 :> "WaitForMessages" @@ 1 :> "FindFistSuitableI" @@ 3 :> "WaitForMessages")
/\ trigger_content = (0 :> "?" @@ 1 :> "?" @@ 3 :> "?")
/\ fingerTables = (0 :> <<1>> @@ 1 :> (2 :> 3) @@ 2 :> 3 @@ 3 :> 5 @@ 4 :> 0 @@ 5 :> 0 @@ 7 :> 0)
/\ kind = (0 :> "FindPredecessor" @@ 1 :> "FindPredecessor" @@ 3 :> "?")

@!@!@ENDMSG 2217 @!@!@
1
"i"
1
@!@!@STARTMSG 2217:4 @!@!@
12: <FindFistSuitableI line 169, col 28 to line 180, col 70 of module actor>
/\ stack = (0 :> <<>> @@ 1 :> <<>> @@ 3 :> <<>>)
/\ triggered = FALSE
/\ actorInboxes = (0 :> <<>> @@ 1 :> <<>> @@ 3 :> <<>>)
/\ i = (0 :> 1 @@ 1 :> 1 @@ 3 :> defaultInitValue)
/\ id = (0 :> 6 @@ 1 :> 6 @@ 3 :> defaultInitValue)
/\ m = 3
/\ asker = (0 :> 0 @@ 1 :> 0 @@ 3 :> defaultInitValue)
/\ currentMessage = ( 0 :> <<"FindPredecessor", 6, 0>> @@
  1 :> <<"FindPredecessor", 6, 0>> @@
  3 :> <<"?", "no_content">> )
/\ content = (0 :> 6 @@ 1 :> 6 @@ 3 :> "no_content")
/\ pc = (0 :> "WaitForMessages" @@ 1 :> "MainLoop" @@ 3 :> "WaitForMessages")
/\ trigger_content = (0 :> "?" @@ 1 :> "?" @@ 3 :> "?")
/\ fingerTables = (0 :> <<1>> @@ 1 :> (2 :> 3) @@ 2 :> 3 @@ 3 :> 5 @@ 4 :> 0 @@ 5 :> 0 @@ 7 :> 0)
/\ kind = (0 :> "FindPredecessor" @@ 1 :> "FindPredecessor" @@ 3 :> "?")

@!@!@ENDMSG 2217 @!@!@
"i"
1
"i"
1
@!@!@STARTMSG 2217:4 @!@!@
13: <MainLoop line 182, col 19 to line 194, col 55 of module actor>
/\ stack = (0 :> <<>> @@ 1 :> <<>> @@ 3 :> <<>>)
/\ triggered = FALSE
/\ actorInboxes = (0 :> <<>> @@ 1 :> <<>> @@ 3 :> <<<<"FindPredecessor", 6, 0>>>>)
/\ i = (0 :> 1 @@ 1 :> 1 @@ 3 :> defaultInitValue)
/\ id = (0 :> 6 @@ 1 :> 6 @@ 3 :> defaultInitValue)
/\ m = 3
/\ asker = (0 :> 0 @@ 1 :> 0 @@ 3 :> defaultInitValue)
/\ currentMessage = ( 0 :> <<"FindPredecessor", 6, 0>> @@
  1 :> <<"FindPredecessor", 6, 0>> @@
  3 :> <<"?", "no_content">> )
/\ content = (0 :> 6 @@ 1 :> 6 @@ 3 :> "no_content")
/\ pc = (0 :> "WaitForMessages" @@ 1 :> "WaitForMessages" @@ 3 :> "WaitForMessages")
/\ trigger_content = (0 :> "?" @@ 1 :> "?" @@ 3 :> "?")
/\ fingerTables = (0 :> <<1>> @@ 1 :> (2 :> 3) @@ 2 :> 3 @@ 3 :> 5 @@ 4 :> 0 @@ 5 :> 0 @@ 7 :> 0)
/\ kind = (0 :> "FindPredecessor" @@ 1 :> "FindPredecessor" @@ 3 :> "?")

@!@!@ENDMSG 2217 @!@!@
"i"
1
"i"
1
"i"
1
"i"
1
"i"
1
"i"
1
"i"
@!@!@STARTMSG 2217:4 @!@!@
14: <WaitForMessages line 129, col 26 to line 141, col 73 of module actor>
/\ stack = (0 :> <<>> @@ 1 :> <<>> @@ 3 :> <<>>)
/\ triggered = FALSE
/\ actorInboxes = (0 :> <<>> @@ 1 :> <<>> @@ 3 :> <<>>)
/\ i = (0 :> 1 @@ 1 :> 1 @@ 3 :> defaultInitValue)
/\ id = (0 :> 6 @@ 1 :> 6 @@ 3 :> defaultInitValue)
/\ m = 3
/\ asker = (0 :> 0 @@ 1 :> 0 @@ 3 :> defaultInitValue)
/\ currentMessage = ( 0 :> <<"FindPredecessor", 6, 0>> @@
  1 :> <<"FindPredecessor", 6, 0>> @@
  3 :> <<"FindPredecessor", 6, 0>> )
/\ content = (0 :> 6 @@ 1 :> 6 @@ 3 :> 6)
/\ pc = (0 :> "WaitForMessages" @@ 1 :> "WaitForMessages" @@ 3 :> "ProcessMessage")
/\ trigger_content = (0 :> "?" @@ 1 :> "?" @@ 3 :> "?")
/\ fingerTables = (0 :> <<1>> @@ 1 :> (2 :> 3) @@ 2 :> 3 @@ 3 :> 5 @@ 4 :> 0 @@ 5 :> 0 @@ 7 :> 0)
/\ kind = (0 :> "FindPredecessor" @@ 1 :> "FindPredecessor" @@ 3 :> "FindPredecessor")

@!@!@ENDMSG 2217 @!@!@
1
"i"
1
"i"
1
"i"
1
"i"
1
@!@!@STARTMSG 2103:1 @!@!@
The error occurred when TLC was evaluating the nested
expressions at the following positions:
0. Line 143, column 25 to line 167, column 72 in actor
1. Line 143, column 28 to line 143, column 54 in actor
2. Line 144, column 28 to line 165, column 80 in actor
3. Line 145, column 36 to line 154, column 76 in actor
4. Line 145, column 39 to line 145, column 89 in actor
5. Line 146, column 39 to line 146, column 95 in actor
6. Line 147, column 39 to line 153, column 71 in actor
7. Line 147, column 42 to line 147, column 97 in actor
8. Line 4, column 26 to line 4, column 110 in actor
9. Line 4, column 27 to line 4, column 64 in actor
10. Line 4, column 28 to line 4, column 34 in actor
11. Line 4, column 33 to line 4, column 34 in actor
12. Line 147, column 69 to line 147, column 96 in actor


@!@!@ENDMSG 2103 @!@!@
@!@!@STARTMSG 2201:0 @!@!@
The coverage statistics at 2022-02-04 23:14:14
@!@!@ENDMSG 2201 @!@!@
@!@!@STARTMSG 2773:0 @!@!@
<Init line 99, col 1 to line 99, col 4 of module actor>: 2:2
@!@!@ENDMSG 2773 @!@!@
@!@!@STARTMSG 2221:0 @!@!@
  line 100, col 9 to line 116, col 56 of module actor: 2
@!@!@ENDMSG 2221 @!@!@
@!@!@STARTMSG 2772:0 @!@!@
<triggerLabel line 118, col 1 to line 118, col 18 of module actor>: 0:0
@!@!@ENDMSG 2772 @!@!@
@!@!@STARTMSG 2221:0 @!@!@
  line 118, col 26 to line 118, col 50 of module actor: 414
@!@!@ENDMSG 2221 @!@!@
@!@!@STARTMSG 2221:0 @!@!@
  line 119, col 26 to line 119, col 42 of module actor: 0
@!@!@ENDMSG 2221 @!@!@
@!@!@STARTMSG 2221:0 @!@!@
  line 120, col 26 to line 120, col 73 of module actor: 0
@!@!@ENDMSG 2221 @!@!@
@!@!@STARTMSG 2221:0 @!@!@
  line 121, col 26 to line 121, col 112 of module actor: 0
@!@!@ENDMSG 2221 @!@!@
@!@!@STARTMSG 2221:0 @!@!@
  line 122, col 26 to line 122, col 76 of module actor: 0
@!@!@ENDMSG 2221 @!@!@
@!@!@STARTMSG 2221:0 @!@!@
  line 123, col 26 to line 125, col 42 of module actor: 0
@!@!@ENDMSG 2221 @!@!@
@!@!@STARTMSG 2772:0 @!@!@
<WaitForMessages line 129, col 1 to line 129, col 21 of module actor>: 51:146
@!@!@ENDMSG 2772 @!@!@
@!@!@STARTMSG 2221:0 @!@!@
  line 129, col 29 to line 129, col 56 of module actor: 542
@!@!@ENDMSG 2221 @!@!@
@!@!@STARTMSG 2221:0 @!@!@
  |line 129, col 29 to line 129, col 36 of module actor: 396
@!@!@ENDMSG 2221 @!@!@
@!@!@STARTMSG 2221:0 @!@!@
  line 130, col 32 to line 130, col 57 of module actor: 146
@!@!@ENDMSG 2221 @!@!@
@!@!@STARTMSG 2221:0 @!@!@
  line 131, col 37 to line 134, col 111 of module actor: 30
@!@!@ENDMSG 2221 @!@!@
@!@!@STARTMSG 2221:0 @!@!@
  line 135, col 40 to line 135, col 43 of module actor: 116
@!@!@ENDMSG 2221 @!@!@
@!@!@STARTMSG 2221:0 @!@!@
  line 136, col 40 to line 138, col 62 of module actor: 116
@!@!@ENDMSG 2221 @!@!@
@!@!@STARTMSG 2221:0 @!@!@
  line 139, col 29 to line 139, col 72 of module actor: 146
@!@!@ENDMSG 2221 @!@!@
@!@!@STARTMSG 2221:0 @!@!@
  line 140, col 29 to line 141, col 73 of module actor: 146
@!@!@ENDMSG 2221 @!@!@
@!@!@STARTMSG 2772:0 @!@!@
<ProcessMessage line 143, col 1 to line 143, col 20 of module actor>: 28:132
@!@!@ENDMSG 2772 @!@!@
@!@!@STARTMSG 2221:0 @!@!@
  line 143, col 28 to line 143, col 54 of module actor: 525
@!@!@ENDMSG 2221 @!@!@
@!@!@STARTMSG 2221:0 @!@!@
  |line 143, col 28 to line 143, col 35 of module actor: 393
@!@!@ENDMSG 2221 @!@!@
@!@!@STARTMSG 2221:0 @!@!@
  line 144, col 31 to line 144, col 60 of module actor: 136
@!@!@ENDMSG 2221 @!@!@
@!@!@STARTMSG 2221:0 @!@!@
  line 145, col 39 to line 145, col 89 of module actor: 48
@!@!@ENDMSG 2221 @!@!@
@!@!@STARTMSG 2221:0 @!@!@
  |line 145, col 45 to line 145, col 89 of module actor: 52
@!@!@ENDMSG 2221 @!@!@
@!@!@STARTMSG 2221:0 @!@!@
  line 146, col 39 to line 146, col 95 of module actor: 48
@!@!@ENDMSG 2221 @!@!@
@!@!@STARTMSG 2221:0 @!@!@
  |line 146, col 48 to line 146, col 95 of module actor: 52
@!@!@ENDMSG 2221 @!@!@
@!@!@STARTMSG 2221:0 @!@!@
  line 147, col 42 to line 147, col 97 of module actor: 52
@!@!@ENDMSG 2221 @!@!@
@!@!@STARTMSG 2221:0 @!@!@
  |line 4, col 26 to line 4, col 110 of module actor: 52
@!@!@ENDMSG 2221 @!@!@
@!@!@STARTMSG 2221:0 @!@!@
  ||line 4, col 27 to line 4, col 64 of module actor: 52
@!@!@ENDMSG 2221 @!@!@
@!@!@STARTMSG 2221:0 @!@!@
  |||line 4, col 28 to line 4, col 34 of module actor: 52
@!@!@ENDMSG 2221 @!@!@
@!@!@STARTMSG 2221:0 @!@!@
  |||line 4, col 41 to line 4, col 63 of module actor: 48
@!@!@ENDMSG 2221 @!@!@
@!@!@STARTMSG 2221:0 @!@!@
  ||line 4, col 71 to line 4, col 109 of module actor: 48
@!@!@ENDMSG 2221 @!@!@
@!@!@STARTMSG 2221:0 @!@!@
  |line 147, col 52 to line 147, col 55 of module actor: 52
@!@!@ENDMSG 2221 @!@!@
@!@!@STARTMSG 2221:0 @!@!@
  |line 147, col 58 to line 147, col 66 of module actor: 96
@!@!@ENDMSG 2221 @!@!@
@!@!@STARTMSG 2221:0 @!@!@
  |line 147, col 69 to line 147, col 96 of module actor: 52
@!@!@ENDMSG 2221 @!@!@
@!@!@STARTMSG 2221:0 @!@!@
  ||line 147, col 69 to line 147, col 86 of module actor: 52
@!@!@ENDMSG 2221 @!@!@
@!@!@STARTMSG 2221:0 @!@!@
  ||line 147, col 88 to line 147, col 95 of module actor: 48
@!@!@ENDMSG 2221 @!@!@
@!@!@STARTMSG 2221:0 @!@!@
  line 148, col 50 to line 148, col 164 of module actor: 0
@!@!@ENDMSG 2221 @!@!@
@!@!@STARTMSG 2221:0 @!@!@
  line 149, col 50 to line 149, col 94 of module actor: 0
@!@!@ENDMSG 2221 @!@!@
@!@!@STARTMSG 2221:0 @!@!@
  line 150, col 50 to line 150, col 55 of module actor: 0
@!@!@ENDMSG 2221 @!@!@
@!@!@STARTMSG 2221:0 @!@!@
  line 151, col 50 to line 151, col 76 of module actor: 48
@!@!@ENDMSG 2221 @!@!@
@!@!@STARTMSG 2221:0 @!@!@
  line 152, col 50 to line 152, col 96 of module actor: 48
@!@!@ENDMSG 2221 @!@!@
@!@!@STARTMSG 2221:0 @!@!@
  line 153, col 50 to line 153, col 71 of module actor: 48
@!@!@ENDMSG 2221 @!@!@
@!@!@STARTMSG 2221:0 @!@!@
  line 154, col 39 to line 154, col 76 of module actor: 48
@!@!@ENDMSG 2221 @!@!@
@!@!@STARTMSG 2221:0 @!@!@
  line 155, col 42 to line 155, col 67 of module actor: 84
@!@!@ENDMSG 2221 @!@!@
@!@!@STARTMSG 2221:0 @!@!@
  line 156, col 53 to line 159, col 101 of module actor: 0
@!@!@ENDMSG 2221 @!@!@
@!@!@STARTMSG 2221:0 @!@!@
  line 160, col 53 to line 160, col 119 of module actor: 0
@!@!@ENDMSG 2221 @!@!@
@!@!@STARTMSG 2221:0 @!@!@
  line 161, col 50 to line 161, col 91 of module actor: 0
@!@!@ENDMSG 2221 @!@!@
@!@!@STARTMSG 2221:0 @!@!@
  line 162, col 50 to line 162, col 94 of module actor: 84
@!@!@ENDMSG 2221 @!@!@
@!@!@STARTMSG 2221:0 @!@!@
  line 163, col 50 to line 164, col 80 of module actor: 84
@!@!@ENDMSG 2221 @!@!@
@!@!@STARTMSG 2221:0 @!@!@
  line 165, col 39 to line 165, col 80 of module actor: 84
@!@!@ENDMSG 2221 @!@!@
@!@!@STARTMSG 2221:0 @!@!@
  line 166, col 28 to line 167, col 72 of module actor: 132
@!@!@ENDMSG 2221 @!@!@
@!@!@STARTMSG 2772:0 @!@!@
<FindFistSuitableI line 169, col 1 to line 169, col 23 of module actor>: 54:92
@!@!@ENDMSG 2772 @!@!@
@!@!@STARTMSG 2221:0 @!@!@
  line 169, col 31 to line 169, col 60 of module actor: 479
@!@!@ENDMSG 2221 @!@!@
@!@!@STARTMSG 2221:0 @!@!@
  |line 169, col 31 to line 169, col 38 of module actor: 387
@!@!@ENDMSG 2221 @!@!@
@!@!@STARTMSG 2221:0 @!@!@
  line 170, col 34 to line 170, col 103 of module actor: 92
@!@!@ENDMSG 2221 @!@!@
@!@!@STARTMSG 2221:0 @!@!@
  line 171, col 39 to line 172, col 88 of module actor: 66
@!@!@ENDMSG 2221 @!@!@
@!@!@STARTMSG 2221:0 @!@!@
  line 173, col 39 to line 176, col 47 of module actor: 26
@!@!@ENDMSG 2221 @!@!@
@!@!@STARTMSG 2221:0 @!@!@
  line 177, col 31 to line 180, col 70 of module actor: 92
@!@!@ENDMSG 2221 @!@!@
@!@!@STARTMSG 2772:0 @!@!@
<MainLoop line 182, col 1 to line 182, col 14 of module actor>: 14:22
@!@!@ENDMSG 2772 @!@!@
@!@!@STARTMSG 2221:0 @!@!@
  line 182, col 22 to line 182, col 42 of module actor: 403
@!@!@ENDMSG 2221 @!@!@
@!@!@STARTMSG 2221:0 @!@!@
  |line 182, col 22 to line 182, col 29 of module actor: 381
@!@!@ENDMSG 2221 @!@!@
@!@!@STARTMSG 2221:0 @!@!@
  line 183, col 25 to line 183, col 111 of module actor: 22
@!@!@ENDMSG 2221 @!@!@
@!@!@STARTMSG 2221:0 @!@!@
  line 184, col 33 to line 184, col 69 of module actor: 0
@!@!@ENDMSG 2221 @!@!@
@!@!@STARTMSG 2221:0 @!@!@
  line 185, col 33 to line 185, col 75 of module actor: 0
@!@!@ENDMSG 2221 @!@!@
@!@!@STARTMSG 2221:0 @!@!@
  line 186, col 33 to line 186, col 54 of module actor: 0
@!@!@ENDMSG 2221 @!@!@
@!@!@STARTMSG 2221:0 @!@!@
  line 187, col 36 to line 187, col 46 of module actor: 22
@!@!@ENDMSG 2221 @!@!@
@!@!@STARTMSG 2221:0 @!@!@
  line 188, col 44 to line 188, col 203 of module actor: 0
@!@!@ENDMSG 2221 @!@!@
@!@!@STARTMSG 2221:0 @!@!@
  line 189, col 41 to line 189, col 215 of module actor: 22
@!@!@ENDMSG 2221 @!@!@
@!@!@STARTMSG 2221:0 @!@!@
  line 190, col 33 to line 190, col 77 of module actor: 22
@!@!@ENDMSG 2221 @!@!@
@!@!@STARTMSG 2221:0 @!@!@
  line 191, col 33 to line 191, col 38 of module actor: 22
@!@!@ENDMSG 2221 @!@!@
@!@!@STARTMSG 2221:0 @!@!@
  line 192, col 22 to line 194, col 55 of module actor: 22
@!@!@ENDMSG 2221 @!@!@
@!@!@STARTMSG 2772:0 @!@!@
<FindSuitableI line 196, col 1 to line 196, col 19 of module actor>: 0:0
@!@!@ENDMSG 2772 @!@!@
@!@!@STARTMSG 2221:0 @!@!@
  line 196, col 27 to line 196, col 52 of module actor: 379
@!@!@ENDMSG 2221 @!@!@
@!@!@STARTMSG 2221:0 @!@!@
  line 198, col 38 to line 198, col 74 of module actor: 0
@!@!@ENDMSG 2221 @!@!@
@!@!@STARTMSG 2221:0 @!@!@
  line 199, col 38 to line 199, col 80 of module actor: 0
@!@!@ENDMSG 2221 @!@!@
@!@!@STARTMSG 2221:0 @!@!@
  line 202, col 38 to line 202, col 75 of module actor: 0
@!@!@ENDMSG 2221 @!@!@
@!@!@STARTMSG 2221:0 @!@!@
  line 203, col 38 to line 203, col 43 of module actor: 0
@!@!@ENDMSG 2221 @!@!@
@!@!@STARTMSG 2221:0 @!@!@
  line 204, col 27 to line 207, col 47 of module actor: 0
@!@!@ENDMSG 2221 @!@!@
@!@!@STARTMSG 2202:0 @!@!@
End of statistics.
@!@!@ENDMSG 2202 @!@!@
@!@!@STARTMSG 2200:0 @!@!@
Progress(17) at 2022-02-04 23:14:15: 370 states generated (16 654 s/min), 148 distinct states found (6 661 ds/min), 24 states left on queue.
@!@!@ENDMSG 2200 @!@!@
@!@!@STARTMSG 2199:0 @!@!@
370 states generated, 148 distinct states found, 24 states left on queue.
@!@!@ENDMSG 2199 @!@!@
@!@!@STARTMSG 2186:0 @!@!@
Finished in 1341ms at (2022-02-04 23:14:15)
@!@!@ENDMSG 2186 @!@!@
