@!@!@STARTMSG 2262:0 @!@!@
TLC2 Version 2.16 of 31 December 2020 (rev: cdddf55)
@!@!@ENDMSG 2262 @!@!@
@!@!@STARTMSG 2187:0 @!@!@
Running breadth-first search Model-Checking with fp 57 and seed 8542597805810924506 with 4 workers on 8 cores with 448MB heap and 1004MB offheap memory [pid: 6972] (Windows 10 10.0 amd64, AdoptOpenJDK 14.0.1 x86_64, OffHeapDiskFPSet, DiskStateQueue).
@!@!@ENDMSG 2187 @!@!@
@!@!@STARTMSG 2220:0 @!@!@
Starting SANY...
@!@!@ENDMSG 2220 @!@!@
Parsing file D:\TLA\actor\actor.toolbox\Model_2\MC.tla
Parsing file D:\TLA\actor\actor.toolbox\Model_2\actor.tla
Parsing file D:\TLA\TLAToolbox-1.7.1-win32.win32.x86_64\toolbox\plugins\org.lamport.tlatools_1.0.0.202012311918\tla2sany\StandardModules\TLC.tla
Parsing file D:\TLA\TLAToolbox-1.7.1-win32.win32.x86_64\toolbox\plugins\org.lamport.tlatools_1.0.0.202012311918\tla2sany\StandardModules\Integers.tla
Parsing file D:\TLA\TLAToolbox-1.7.1-win32.win32.x86_64\toolbox\plugins\org.lamport.tlatools_1.0.0.202012311918\tla2sany\StandardModules\Sequences.tla
Parsing file D:\TLA\TLAToolbox-1.7.1-win32.win32.x86_64\toolbox\plugins\org.lamport.tlatools_1.0.0.202012311918\tla2sany\StandardModules\Naturals.tla
Parsing file D:\TLA\TLAToolbox-1.7.1-win32.win32.x86_64\toolbox\plugins\org.lamport.tlatools_1.0.0.202012311918\tla2sany\StandardModules\FiniteSets.tla
Semantic processing of module Naturals
Semantic processing of module Sequences
Semantic processing of module FiniteSets
Semantic processing of module TLC
Semantic processing of module Integers
Semantic processing of module actor
Semantic processing of module MC
@!@!@STARTMSG 2219:0 @!@!@
SANY finished.
@!@!@ENDMSG 2219 @!@!@
@!@!@STARTMSG 2185:0 @!@!@
Starting... (2022-04-07 01:35:52)
@!@!@ENDMSG 2185 @!@!@
@!@!@STARTMSG 2212:0 @!@!@
Implied-temporal checking--satisfiability problem has 1 branches.
@!@!@ENDMSG 2212 @!@!@
<<"$!@$!@$!@$!@$!", 1>>
@!@!@STARTMSG 2189:0 @!@!@
Computing initial states...
@!@!@ENDMSG 2189 @!@!@
@!@!@STARTMSG 2190:0 @!@!@
Finished computing initial states: 1 distinct state generated at 2022-04-07 01:35:53.
@!@!@ENDMSG 2190 @!@!@
( 0 :> (1 :> 0 @@ 2 :> 0 @@ 4 :> 0) @@
  1 :> (2 :> NULL @@ 3 :> NULL @@ 5 :> NULL) @@
  3 :> (4 :> NULL @@ 5 :> NULL @@ 7 :> NULL) )
(0 :> 0 @@ 1 :> NULL @@ 3 :> NULL)
( 0 :> (1 :> 0 @@ 2 :> 0 @@ 4 :> 0) @@
  1 :> (2 :> NULL @@ 3 :> NULL @@ 5 :> NULL) @@
  3 :> (4 :> NULL @@ 5 :> NULL @@ 7 :> NULL) )
(0 :> 0 @@ 1 :> NULL @@ 3 :> NULL)
( 0 :> (1 :> 0 @@ 2 :> 0 @@ 4 :> 0) @@
  1 :> (2 :> NULL @@ 3 :> NULL @@ 5 :> NULL) @@
  3 :> (4 :> NULL @@ 5 :> NULL @@ 7 :> NULL) )
(0 :> 0 @@ 1 :> NULL @@ 3 :> NULL)
( 0 :> (1 :> 0 @@ 2 :> 0 @@ 4 :> 0) @@
  1 :> (2 :> NULL @@ 3 :> NULL @@ 5 :> NULL) @@
  3 :> (4 :> NULL @@ 5 :> NULL @@ 7 :> NULL) )
(0 :> 0 @@ 1 :> NULL @@ 3 :> NULL)
( 0 :> (1 :> 0 @@ 2 :> 0 @@ 4 :> 0) @@
  1 :> (2 :> NULL @@ 3 :> NULL @@ 5 :> NULL) @@
  3 :> (4 :> NULL @@ 5 :> NULL @@ 7 :> NULL) )
(0 :> 0 @@ 1 :> NULL @@ 3 :> NULL)
( 0 :> (1 :> 0 @@ 2 :> 0 @@ 4 :> 0) @@
  1 :> (2 :> NULL @@ 3 :> NULL @@ 5 :> NULL) @@
  3 :> (4 :> NULL @@ 5 :> NULL @@ 7 :> NULL) )
(0 :> 0 @@ 1 :> NULL @@ 3 :> NULL)
( 0 :> (1 :> 0 @@ 2 :> 0 @@ 4 :> 0) @@
  1 :> (2 :> NULL @@ 3 :> NULL @@ 5 :> NULL) @@
  3 :> (4 :> NULL @@ 5 :> NULL @@ 7 :> NULL) )
(0 :> 0 @@ 1 :> NULL @@ 3 :> NULL)
( 0 :> (1 :> 0 @@ 2 :> 0 @@ 4 :> 0) @@
  1 :> (2 :> NULL @@ 3 :> NULL @@ 5 :> NULL) @@
  3 :> (4 :> NULL @@ 5 :> NULL @@ 7 :> NULL) )
(0 :> 0 @@ 1 :> NULL @@ 3 :> NULL)
( 0 :> (1 :> 0 @@ 2 :> 0 @@ 4 :> 0) @@
  1 :> (2 :> NULL @@ 3 :> NULL @@ 5 :> NULL) @@
  3 :> (4 :> NULL @@ 5 :> NULL @@ 7 :> NULL) )
(0 :> 0 @@ 1 :> NULL @@ 3 :> NULL)
( 0 :> (1 :> 0 @@ 2 :> 0 @@ 4 :> 0) @@
  1 :> (2 :> NULL @@ 3 :> NULL @@ 5 :> NULL) @@
  3 :> (4 :> NULL @@ 5 :> NULL @@ 7 :> NULL) )
(0 :> 0 @@ 1 :> NULL @@ 3 :> NULL)
( 0 :> (1 :> 0 @@ 2 :> 0 @@ 4 :> 0) @@
  1 :> (2 :> NULL @@ 3 :> NULL @@ 5 :> NULL) @@
  3 :> (4 :> NULL @@ 5 :> NULL @@ 7 :> NULL) )
(0 :> 0 @@ 1 :> NULL @@ 3 :> NULL)
( 0 :> (1 :> 0 @@ 2 :> 0 @@ 4 :> 0) @@
  1 :> (2 :> NULL @@ 3 :> NULL @@ 5 :> NULL) @@
  3 :> (4 :> NULL @@ 5 :> NULL @@ 7 :> NULL) )
(0 :> 0 @@ 1 :> NULL @@ 3 :> NULL)
( 0 :> (1 :> 0 @@ 2 :> 0 @@ 4 :> 0) @@
  1 :> (2 :> NULL @@ 3 :> NULL @@ 5 :> NULL) @@
  3 :> (4 :> NULL @@ 5 :> NULL @@ 7 :> NULL) )
(0 :> 0 @@ 1 :> NULL @@ 3 :> NULL)
( 0 :> (1 :> 0 @@ 2 :> 0 @@ 4 :> 0) @@
  1 :> (2 :> NULL @@ 3 :> NULL @@ 5 :> NULL) @@
  3 :> (4 :> NULL @@ 5 :> NULL @@ 7 :> NULL) )
(0 :> 0 @@ 1 :> NULL @@ 3 :> NULL)
@!@!@STARTMSG 2200:0 @!@!@
Progress(5) at 2022-04-07 01:35:53: 5 states generated, 5 distinct states found, 0 states left on queue.
@!@!@ENDMSG 2200 @!@!@
@!@!@STARTMSG 2192:0 @!@!@
Checking temporal properties for the complete state space with 5 total distinct states at (2022-04-07 01:35:53)
@!@!@ENDMSG 2192 @!@!@
@!@!@STARTMSG 2116:1 @!@!@
Temporal properties were violated.

@!@!@ENDMSG 2116 @!@!@
@!@!@STARTMSG 2264:1 @!@!@
The following behavior constitutes a counter-example:

@!@!@ENDMSG 2264 @!@!@
( 0 :> (1 :> 0 @@ 2 :> 0 @@ 4 :> 0) @@
  1 :> (2 :> NULL @@ 3 :> NULL @@ 5 :> NULL) @@
  3 :> (4 :> NULL @@ 5 :> NULL @@ 7 :> NULL) )
(0 :> 0 @@ 1 :> NULL @@ 3 :> NULL)
@!@!@STARTMSG 2217:4 @!@!@
1: <Initial predicate>
/\ fingerTables = ( 0 :> (1 :> 0 @@ 2 :> 0 @@ 4 :> 0) @@
  1 :> (2 :> NULL @@ 3 :> NULL @@ 5 :> NULL) @@
  3 :> (4 :> NULL @@ 5 :> NULL @@ 7 :> NULL) )
/\ predecessorSuccessorAnswer = (0 :> NULL @@ 1 :> NULL @@ 3 :> NULL)
/\ currentMessage = ( 0 :> <<"?", NULL, NULL>> @@
  1 :> <<"?", NULL, NULL>> @@
  3 :> <<"?", NULL, NULL>> )
/\ i = (0 :> defaultInitValue @@ 1 :> defaultInitValue @@ 3 :> defaultInitValue)
/\ k = (0 :> defaultInitValue @@ 1 :> defaultInitValue @@ 3 :> defaultInitValue)
/\ pc = (0 :> "Join" @@ 1 :> "Join" @@ 3 :> "Join")
/\ actorInboxes = (0 :> <<>> @@ 1 :> <<>> @@ 3 :> <<>>)
/\ triggered = FALSE
/\ asker = (0 :> NULL @@ 1 :> NULL @@ 3 :> NULL)
/\ kind = (0 :> "?" @@ 1 :> "?" @@ 3 :> "?")
/\ predecessors = (0 :> 0 @@ 1 :> NULL @@ 3 :> NULL)
/\ gotPredecessor = (0 :> NULL @@ 1 :> NULL @@ 3 :> NULL)
/\ joined = (0 :> FALSE @@ 1 :> FALSE @@ 3 :> FALSE)
/\ id = (0 :> NULL @@ 1 :> NULL @@ 3 :> NULL)
/\ predecessorAnswer = (0 :> NULL @@ 1 :> NULL @@ 3 :> NULL)

@!@!@ENDMSG 2217 @!@!@
@!@!@STARTMSG 2217:4 @!@!@
2: <Join line 162, col 15 to line 175, col 47 of module actor>
/\ fingerTables = ( 0 :> (1 :> 0 @@ 2 :> 0 @@ 4 :> 0) @@
  1 :> (2 :> NULL @@ 3 :> NULL @@ 5 :> NULL) @@
  3 :> (4 :> NULL @@ 5 :> NULL @@ 7 :> NULL) )
/\ predecessorSuccessorAnswer = (0 :> NULL @@ 1 :> NULL @@ 3 :> NULL)
/\ currentMessage = ( 0 :> <<"?", NULL, NULL>> @@
  1 :> <<"?", NULL, NULL>> @@
  3 :> <<"?", NULL, NULL>> )
/\ i = (0 :> defaultInitValue @@ 1 :> defaultInitValue @@ 3 :> defaultInitValue)
/\ k = (0 :> defaultInitValue @@ 1 :> defaultInitValue @@ 3 :> defaultInitValue)
/\ pc = (0 :> "Stabilize" @@ 1 :> "Join" @@ 3 :> "Join")
/\ actorInboxes = (0 :> <<>> @@ 1 :> <<>> @@ 3 :> <<>>)
/\ triggered = FALSE
/\ asker = (0 :> NULL @@ 1 :> NULL @@ 3 :> NULL)
/\ kind = (0 :> "?" @@ 1 :> "?" @@ 3 :> "?")
/\ predecessors = (0 :> 0 @@ 1 :> NULL @@ 3 :> NULL)
/\ gotPredecessor = (0 :> NULL @@ 1 :> NULL @@ 3 :> NULL)
/\ joined = (0 :> TRUE @@ 1 :> FALSE @@ 3 :> FALSE)
/\ id = (0 :> NULL @@ 1 :> NULL @@ 3 :> NULL)
/\ predecessorAnswer = (0 :> NULL @@ 1 :> NULL @@ 3 :> NULL)

@!@!@ENDMSG 2217 @!@!@
@!@!@STARTMSG 2217:4 @!@!@
3: <Stabilize line 177, col 20 to line 184, col 80 of module actor>
/\ fingerTables = ( 0 :> (1 :> 0 @@ 2 :> 0 @@ 4 :> 0) @@
  1 :> (2 :> NULL @@ 3 :> NULL @@ 5 :> NULL) @@
  3 :> (4 :> NULL @@ 5 :> NULL @@ 7 :> NULL) )
/\ predecessorSuccessorAnswer = (0 :> NULL @@ 1 :> NULL @@ 3 :> NULL)
/\ currentMessage = ( 0 :> <<"?", NULL, NULL>> @@
  1 :> <<"?", NULL, NULL>> @@
  3 :> <<"?", NULL, NULL>> )
/\ i = (0 :> defaultInitValue @@ 1 :> defaultInitValue @@ 3 :> defaultInitValue)
/\ k = (0 :> defaultInitValue @@ 1 :> defaultInitValue @@ 3 :> defaultInitValue)
/\ pc = (0 :> "WaitForMessages" @@ 1 :> "Join" @@ 3 :> "Join")
/\ actorInboxes = (0 :> <<<<"Stabilize", 1>>>> @@ 1 :> <<>> @@ 3 :> <<>>)
/\ triggered = FALSE
/\ asker = (0 :> NULL @@ 1 :> NULL @@ 3 :> NULL)
/\ kind = (0 :> "?" @@ 1 :> "?" @@ 3 :> "?")
/\ predecessors = (0 :> 0 @@ 1 :> NULL @@ 3 :> NULL)
/\ gotPredecessor = (0 :> NULL @@ 1 :> NULL @@ 3 :> NULL)
/\ joined = (0 :> TRUE @@ 1 :> FALSE @@ 3 :> FALSE)
/\ id = (0 :> NULL @@ 1 :> NULL @@ 3 :> NULL)
/\ predecessorAnswer = (0 :> NULL @@ 1 :> NULL @@ 3 :> NULL)

@!@!@ENDMSG 2217 @!@!@
@!@!@STARTMSG 2217:4 @!@!@
4: <WaitForMessages line 186, col 26 to line 194, col 58 of module actor>
/\ fingerTables = ( 0 :> (1 :> 0 @@ 2 :> 0 @@ 4 :> 0) @@
  1 :> (2 :> NULL @@ 3 :> NULL @@ 5 :> NULL) @@
  3 :> (4 :> NULL @@ 5 :> NULL @@ 7 :> NULL) )
/\ predecessorSuccessorAnswer = (0 :> NULL @@ 1 :> NULL @@ 3 :> NULL)
/\ currentMessage = ( 0 :> <<"?", NULL, NULL>> @@
  1 :> <<"?", NULL, NULL>> @@
  3 :> <<"?", NULL, NULL>> )
/\ i = (0 :> defaultInitValue @@ 1 :> defaultInitValue @@ 3 :> defaultInitValue)
/\ k = (0 :> defaultInitValue @@ 1 :> defaultInitValue @@ 3 :> defaultInitValue)
/\ pc = (0 :> "WhileAfterJoin" @@ 1 :> "Join" @@ 3 :> "Join")
/\ actorInboxes = (0 :> <<<<"Stabilize", 1>>>> @@ 1 :> <<>> @@ 3 :> <<>>)
/\ triggered = FALSE
/\ asker = (0 :> NULL @@ 1 :> NULL @@ 3 :> NULL)
/\ kind = (0 :> "?" @@ 1 :> "?" @@ 3 :> "?")
/\ predecessors = (0 :> 0 @@ 1 :> NULL @@ 3 :> NULL)
/\ gotPredecessor = (0 :> NULL @@ 1 :> NULL @@ 3 :> NULL)
/\ joined = (0 :> TRUE @@ 1 :> FALSE @@ 3 :> FALSE)
/\ id = (0 :> NULL @@ 1 :> NULL @@ 3 :> NULL)
/\ predecessorAnswer = (0 :> NULL @@ 1 :> NULL @@ 3 :> NULL)

@!@!@ENDMSG 2217 @!@!@
@!@!@STARTMSG 2217:4 @!@!@
5: <WhileAfterJoin line 196, col 25 to line 211, col 57 of module actor>
/\ fingerTables = ( 0 :> (1 :> 0 @@ 2 :> 0 @@ 4 :> 0) @@
  1 :> (2 :> NULL @@ 3 :> NULL @@ 5 :> NULL) @@
  3 :> (4 :> NULL @@ 5 :> NULL @@ 7 :> NULL) )
/\ predecessorSuccessorAnswer = (0 :> NULL @@ 1 :> NULL @@ 3 :> NULL)
/\ currentMessage = ( 0 :> <<"Stabilize", 1>> @@
  1 :> <<"?", NULL, NULL>> @@
  3 :> <<"?", NULL, NULL>> )
/\ i = (0 :> defaultInitValue @@ 1 :> defaultInitValue @@ 3 :> defaultInitValue)
/\ k = (0 :> defaultInitValue @@ 1 :> defaultInitValue @@ 3 :> defaultInitValue)
/\ pc = (0 :> "T1" @@ 1 :> "Join" @@ 3 :> "Join")
/\ actorInboxes = (0 :> <<>> @@ 1 :> <<>> @@ 3 :> <<>>)
/\ triggered = FALSE
/\ asker = (0 :> NULL @@ 1 :> NULL @@ 3 :> NULL)
/\ kind = (0 :> "Stabilize" @@ 1 :> "?" @@ 3 :> "?")
/\ predecessors = (0 :> 0 @@ 1 :> NULL @@ 3 :> NULL)
/\ gotPredecessor = (0 :> NULL @@ 1 :> NULL @@ 3 :> NULL)
/\ joined = (0 :> TRUE @@ 1 :> FALSE @@ 3 :> FALSE)
/\ id = (0 :> NULL @@ 1 :> NULL @@ 3 :> NULL)
/\ predecessorAnswer = (0 :> NULL @@ 1 :> NULL @@ 3 :> NULL)

@!@!@ENDMSG 2217 @!@!@
@!@!@STARTMSG 2218:4 @!@!@
6: Stuttering
@!@!@ENDMSG 2218 @!@!@
@!@!@STARTMSG 2267:0 @!@!@
Finished checking temporal properties in 00s at 2022-04-07 01:35:53
@!@!@ENDMSG 2267 @!@!@
@!@!@STARTMSG 2201:0 @!@!@
The coverage statistics at 2022-04-07 01:35:53
@!@!@ENDMSG 2201 @!@!@
@!@!@STARTMSG 2773:0 @!@!@
<Init line 142, col 1 to line 142, col 4 of module actor>: 2:2
@!@!@ENDMSG 2773 @!@!@
@!@!@STARTMSG 2221:0 @!@!@
  line 143, col 9 to line 160, col 45 of module actor: 2
@!@!@ENDMSG 2221 @!@!@
@!@!@STARTMSG 2772:0 @!@!@
<Join line 162, col 1 to line 162, col 10 of module actor>: 1:2
@!@!@ENDMSG 2772 @!@!@
@!@!@STARTMSG 2221:0 @!@!@
  line 162, col 18 to line 162, col 34 of module actor: 33
@!@!@ENDMSG 2221 @!@!@
@!@!@STARTMSG 2221:0 @!@!@
  |line 162, col 18 to line 162, col 25 of module actor: 31
@!@!@ENDMSG 2221 @!@!@
@!@!@STARTMSG 2221:0 @!@!@
  line 163, col 21 to line 163, col 28 of module actor: 20
@!@!@ENDMSG 2221 @!@!@
@!@!@STARTMSG 2221:0 @!@!@
  line 164, col 29 to line 164, col 68 of module actor: 2
@!@!@ENDMSG 2221 @!@!@
@!@!@STARTMSG 2221:0 @!@!@
  line 165, col 29 to line 166, col 56 of module actor: 2
@!@!@ENDMSG 2221 @!@!@
@!@!@STARTMSG 2221:0 @!@!@
  line 167, col 29 to line 167, col 151 of module actor: 0
@!@!@ENDMSG 2221 @!@!@
@!@!@STARTMSG 2221:0 @!@!@
  |line 167, col 45 to line 167, col 151 of module actor: 18
@!@!@ENDMSG 2221 @!@!@
@!@!@STARTMSG 2221:0 @!@!@
  line 168, col 29 to line 168, col 101 of module actor: 18
@!@!@ENDMSG 2221 @!@!@
@!@!@STARTMSG 2221:0 @!@!@
  line 169, col 29 to line 169, col 99 of module actor: 0
@!@!@ENDMSG 2221 @!@!@
@!@!@STARTMSG 2221:0 @!@!@
  line 170, col 29 to line 170, col 134 of module actor: 0
@!@!@ENDMSG 2221 @!@!@
@!@!@STARTMSG 2221:0 @!@!@
  line 171, col 29 to line 171, col 68 of module actor: 0
@!@!@ENDMSG 2221 @!@!@
@!@!@STARTMSG 2221:0 @!@!@
  line 172, col 18 to line 172, col 56 of module actor: 2
@!@!@ENDMSG 2221 @!@!@
@!@!@STARTMSG 2221:0 @!@!@
  line 173, col 18 to line 175, col 47 of module actor: 2
@!@!@ENDMSG 2221 @!@!@
@!@!@STARTMSG 2772:0 @!@!@
<Stabilize line 177, col 1 to line 177, col 15 of module actor>: 1:3
@!@!@ENDMSG 2772 @!@!@
@!@!@STARTMSG 2221:0 @!@!@
  line 177, col 23 to line 177, col 44 of module actor: 33
@!@!@ENDMSG 2221 @!@!@
@!@!@STARTMSG 2221:0 @!@!@
  |line 177, col 23 to line 177, col 30 of module actor: 30
@!@!@ENDMSG 2221 @!@!@
@!@!@STARTMSG 2221:0 @!@!@
  line 178, col 23 to line 178, col 34 of module actor: 3
@!@!@ENDMSG 2221 @!@!@
@!@!@STARTMSG 2221:0 @!@!@
  line 179, col 23 to line 179, col 116 of module actor: 3
@!@!@ENDMSG 2221 @!@!@
@!@!@STARTMSG 2221:0 @!@!@
  line 180, col 23 to line 180, col 67 of module actor: 3
@!@!@ENDMSG 2221 @!@!@
@!@!@STARTMSG 2221:0 @!@!@
  line 181, col 23 to line 184, col 80 of module actor: 3
@!@!@ENDMSG 2221 @!@!@
@!@!@STARTMSG 2772:0 @!@!@
<WaitForMessages line 186, col 1 to line 186, col 21 of module actor>: 1:3
@!@!@ENDMSG 2772 @!@!@
@!@!@STARTMSG 2221:0 @!@!@
  line 186, col 29 to line 186, col 56 of module actor: 32
@!@!@ENDMSG 2221 @!@!@
@!@!@STARTMSG 2221:0 @!@!@
  |line 186, col 29 to line 186, col 36 of module actor: 29
@!@!@ENDMSG 2221 @!@!@
@!@!@STARTMSG 2221:0 @!@!@
  line 187, col 29 to line 187, col 40 of module actor: 3
@!@!@ENDMSG 2221 @!@!@
@!@!@STARTMSG 2221:0 @!@!@
  line 188, col 29 to line 188, col 72 of module actor: 3
@!@!@ENDMSG 2221 @!@!@
@!@!@STARTMSG 2221:0 @!@!@
  line 189, col 29 to line 194, col 58 of module actor: 3
@!@!@ENDMSG 2221 @!@!@
@!@!@STARTMSG 2772:0 @!@!@
<WhileAfterJoin line 196, col 1 to line 196, col 20 of module actor>: 1:3
@!@!@ENDMSG 2772 @!@!@
@!@!@STARTMSG 2221:0 @!@!@
  line 196, col 28 to line 196, col 54 of module actor: 31
@!@!@ENDMSG 2221 @!@!@
@!@!@STARTMSG 2221:0 @!@!@
  |line 196, col 28 to line 196, col 35 of module actor: 28
@!@!@ENDMSG 2221 @!@!@
@!@!@STARTMSG 2221:0 @!@!@
  line 197, col 28 to line 197, col 47 of module actor: 3
@!@!@ENDMSG 2221 @!@!@
@!@!@STARTMSG 2221:0 @!@!@
  line 198, col 28 to line 198, col 47 of module actor: 3
@!@!@ENDMSG 2221 @!@!@
@!@!@STARTMSG 2221:0 @!@!@
  line 199, col 31 to line 199, col 56 of module actor: 3
@!@!@ENDMSG 2221 @!@!@
@!@!@STARTMSG 2221:0 @!@!@
  line 200, col 36 to line 202, col 110 of module actor: 3
@!@!@ENDMSG 2221 @!@!@
@!@!@STARTMSG 2221:0 @!@!@
  line 204, col 39 to line 205, col 74 of module actor: 0
@!@!@ENDMSG 2221 @!@!@
@!@!@STARTMSG 2221:0 @!@!@
  line 206, col 28 to line 206, col 59 of module actor: 3
@!@!@ENDMSG 2221 @!@!@
@!@!@STARTMSG 2221:0 @!@!@
  line 207, col 28 to line 211, col 57 of module actor: 3
@!@!@ENDMSG 2221 @!@!@
@!@!@STARTMSG 2772:0 @!@!@
<T1 line 213, col 1 to line 213, col 8 of module actor>: 0:0
@!@!@ENDMSG 2772 @!@!@
@!@!@STARTMSG 2221:0 @!@!@
  line 213, col 16 to line 213, col 30 of module actor: 27
@!@!@ENDMSG 2221 @!@!@
@!@!@STARTMSG 2221:0 @!@!@
  line 214, col 16 to line 214, col 45 of module actor: 2
@!@!@ENDMSG 2221 @!@!@
@!@!@STARTMSG 2221:0 @!@!@
  line 215, col 16 to line 215, col 66 of module actor: 0
@!@!@ENDMSG 2221 @!@!@
@!@!@STARTMSG 2221:0 @!@!@
  line 216, col 16 to line 216, col 72 of module actor: 0
@!@!@ENDMSG 2221 @!@!@
@!@!@STARTMSG 2221:0 @!@!@
  line 219, col 27 to line 219, col 188 of module actor: 0
@!@!@ENDMSG 2221 @!@!@
@!@!@STARTMSG 2221:0 @!@!@
  line 220, col 27 to line 220, col 58 of module actor: 0
@!@!@ENDMSG 2221 @!@!@
@!@!@STARTMSG 2221:0 @!@!@
  line 221, col 27 to line 221, col 32 of module actor: 0
@!@!@ENDMSG 2221 @!@!@
@!@!@STARTMSG 2221:0 @!@!@
  line 222, col 27 to line 222, col 53 of module actor: 0
@!@!@ENDMSG 2221 @!@!@
@!@!@STARTMSG 2221:0 @!@!@
  line 224, col 27 to line 224, col 74 of module actor: 0
@!@!@ENDMSG 2221 @!@!@
@!@!@STARTMSG 2221:0 @!@!@
  line 225, col 27 to line 225, col 48 of module actor: 0
@!@!@ENDMSG 2221 @!@!@
@!@!@STARTMSG 2221:0 @!@!@
  line 226, col 16 to line 228, col 73 of module actor: 0
@!@!@ENDMSG 2221 @!@!@
@!@!@STARTMSG 2772:0 @!@!@
<FindFirstSuitableI line 230, col 1 to line 230, col 24 of module actor>: 0:0
@!@!@ENDMSG 2772 @!@!@
@!@!@STARTMSG 2221:0 @!@!@
  line 230, col 32 to line 230, col 62 of module actor: 27
@!@!@ENDMSG 2221 @!@!@
@!@!@STARTMSG 2221:0 @!@!@
  line 232, col 43 to line 232, col 79 of module actor: 0
@!@!@ENDMSG 2221 @!@!@
@!@!@STARTMSG 2221:0 @!@!@
  line 233, col 43 to line 233, col 90 of module actor: 0
@!@!@ENDMSG 2221 @!@!@
@!@!@STARTMSG 2221:0 @!@!@
  line 235, col 43 to line 235, col 80 of module actor: 0
@!@!@ENDMSG 2221 @!@!@
@!@!@STARTMSG 2221:0 @!@!@
  line 236, col 43 to line 236, col 48 of module actor: 0
@!@!@ENDMSG 2221 @!@!@
@!@!@STARTMSG 2221:0 @!@!@
  line 237, col 32 to line 242, col 61 of module actor: 0
@!@!@ENDMSG 2221 @!@!@
@!@!@STARTMSG 2772:0 @!@!@
<MainLoop line 244, col 1 to line 244, col 14 of module actor>: 0:0
@!@!@ENDMSG 2772 @!@!@
@!@!@STARTMSG 2221:0 @!@!@
  line 244, col 22 to line 244, col 42 of module actor: 27
@!@!@ENDMSG 2221 @!@!@
@!@!@STARTMSG 2221:0 @!@!@
  line 246, col 33 to line 246, col 69 of module actor: 0
@!@!@ENDMSG 2221 @!@!@
@!@!@STARTMSG 2221:0 @!@!@
  line 247, col 33 to line 247, col 75 of module actor: 0
@!@!@ENDMSG 2221 @!@!@
@!@!@STARTMSG 2221:0 @!@!@
  line 248, col 33 to line 248, col 54 of module actor: 0
@!@!@ENDMSG 2221 @!@!@
@!@!@STARTMSG 2221:0 @!@!@
  line 250, col 44 to line 250, col 219 of module actor: 0
@!@!@ENDMSG 2221 @!@!@
@!@!@STARTMSG 2221:0 @!@!@
  line 251, col 44 to line 251, col 231 of module actor: 0
@!@!@ENDMSG 2221 @!@!@
@!@!@STARTMSG 2221:0 @!@!@
  line 252, col 33 to line 252, col 64 of module actor: 0
@!@!@ENDMSG 2221 @!@!@
@!@!@STARTMSG 2221:0 @!@!@
  line 253, col 33 to line 253, col 38 of module actor: 0
@!@!@ENDMSG 2221 @!@!@
@!@!@STARTMSG 2221:0 @!@!@
  line 254, col 22 to line 257, col 79 of module actor: 0
@!@!@ENDMSG 2221 @!@!@
@!@!@STARTMSG 2772:0 @!@!@
<FindSuitableI line 259, col 1 to line 259, col 19 of module actor>: 0:0
@!@!@ENDMSG 2772 @!@!@
@!@!@STARTMSG 2221:0 @!@!@
  line 259, col 27 to line 259, col 52 of module actor: 27
@!@!@ENDMSG 2221 @!@!@
@!@!@STARTMSG 2221:0 @!@!@
  line 261, col 38 to line 261, col 74 of module actor: 0
@!@!@ENDMSG 2221 @!@!@
@!@!@STARTMSG 2221:0 @!@!@
  line 262, col 38 to line 262, col 80 of module actor: 0
@!@!@ENDMSG 2221 @!@!@
@!@!@STARTMSG 2221:0 @!@!@
  line 263, col 38 to line 263, col 75 of module actor: 0
@!@!@ENDMSG 2221 @!@!@
@!@!@STARTMSG 2221:0 @!@!@
  line 264, col 38 to line 264, col 43 of module actor: 0
@!@!@ENDMSG 2221 @!@!@
@!@!@STARTMSG 2221:0 @!@!@
  line 265, col 27 to line 269, col 56 of module actor: 0
@!@!@ENDMSG 2221 @!@!@
@!@!@STARTMSG 2772:0 @!@!@
<T2 line 271, col 1 to line 271, col 8 of module actor>: 0:0
@!@!@ENDMSG 2772 @!@!@
@!@!@STARTMSG 2221:0 @!@!@
  line 271, col 16 to line 271, col 30 of module actor: 27
@!@!@ENDMSG 2221 @!@!@
@!@!@STARTMSG 2221:0 @!@!@
  line 273, col 16 to line 273, col 96 of module actor: 0
@!@!@ENDMSG 2221 @!@!@
@!@!@STARTMSG 2221:0 @!@!@
  line 274, col 16 to line 274, col 114 of module actor: 0
@!@!@ENDMSG 2221 @!@!@
@!@!@STARTMSG 2221:0 @!@!@
  line 275, col 16 to line 275, col 47 of module actor: 0
@!@!@ENDMSG 2221 @!@!@
@!@!@STARTMSG 2221:0 @!@!@
  line 276, col 16 to line 278, col 56 of module actor: 0
@!@!@ENDMSG 2221 @!@!@
@!@!@STARTMSG 2772:0 @!@!@
<T3 line 280, col 1 to line 280, col 8 of module actor>: 0:0
@!@!@ENDMSG 2772 @!@!@
@!@!@STARTMSG 2221:0 @!@!@
  line 280, col 16 to line 280, col 30 of module actor: 27
@!@!@ENDMSG 2221 @!@!@
@!@!@STARTMSG 2221:0 @!@!@
  line 282, col 16 to line 282, col 64 of module actor: 0
@!@!@ENDMSG 2221 @!@!@
@!@!@STARTMSG 2221:0 @!@!@
  line 283, col 16 to line 283, col 211 of module actor: 0
@!@!@ENDMSG 2221 @!@!@
@!@!@STARTMSG 2221:0 @!@!@
  line 284, col 16 to line 284, col 60 of module actor: 0
@!@!@ENDMSG 2221 @!@!@
@!@!@STARTMSG 2221:0 @!@!@
  line 285, col 16 to line 288, col 45 of module actor: 0
@!@!@ENDMSG 2221 @!@!@
@!@!@STARTMSG 2772:0 @!@!@
<FinishStabilize line 290, col 1 to line 290, col 21 of module actor>: 0:0
@!@!@ENDMSG 2772 @!@!@
@!@!@STARTMSG 2221:0 @!@!@
  line 290, col 29 to line 290, col 56 of module actor: 27
@!@!@ENDMSG 2221 @!@!@
@!@!@STARTMSG 2221:0 @!@!@
  line 293, col 40 to line 293, col 133 of module actor: 0
@!@!@ENDMSG 2221 @!@!@
@!@!@STARTMSG 2221:0 @!@!@
  line 295, col 40 to line 295, col 61 of module actor: 0
@!@!@ENDMSG 2221 @!@!@
@!@!@STARTMSG 2221:0 @!@!@
  line 296, col 29 to line 296, col 204 of module actor: 0
@!@!@ENDMSG 2221 @!@!@
@!@!@STARTMSG 2221:0 @!@!@
  line 297, col 29 to line 297, col 60 of module actor: 0
@!@!@ENDMSG 2221 @!@!@
@!@!@STARTMSG 2221:0 @!@!@
  line 298, col 29 to line 302, col 58 of module actor: 0
@!@!@ENDMSG 2221 @!@!@
@!@!@STARTMSG 2772:0 @!@!@
<T4 line 304, col 1 to line 304, col 8 of module actor>: 0:0
@!@!@ENDMSG 2772 @!@!@
@!@!@STARTMSG 2221:0 @!@!@
  line 304, col 16 to line 304, col 30 of module actor: 27
@!@!@ENDMSG 2221 @!@!@
@!@!@STARTMSG 2221:0 @!@!@
  line 306, col 16 to line 306, col 169 of module actor: 0
@!@!@ENDMSG 2221 @!@!@
@!@!@STARTMSG 2221:0 @!@!@
  line 307, col 16 to line 307, col 47 of module actor: 0
@!@!@ENDMSG 2221 @!@!@
@!@!@STARTMSG 2221:0 @!@!@
  line 308, col 16 to line 311, col 45 of module actor: 0
@!@!@ENDMSG 2221 @!@!@
@!@!@STARTMSG 2772:0 @!@!@
<T5 line 313, col 1 to line 313, col 8 of module actor>: 0:0
@!@!@ENDMSG 2772 @!@!@
@!@!@STARTMSG 2221:0 @!@!@
  line 313, col 16 to line 313, col 30 of module actor: 27
@!@!@ENDMSG 2221 @!@!@
@!@!@STARTMSG 2221:0 @!@!@
  line 315, col 16 to line 315, col 90 of module actor: 0
@!@!@ENDMSG 2221 @!@!@
@!@!@STARTMSG 2221:0 @!@!@
  line 316, col 16 to line 316, col 47 of module actor: 0
@!@!@ENDMSG 2221 @!@!@
@!@!@STARTMSG 2221:0 @!@!@
  line 317, col 16 to line 320, col 57 of module actor: 0
@!@!@ENDMSG 2221 @!@!@
@!@!@STARTMSG 2772:0 @!@!@
<T6 line 322, col 1 to line 322, col 8 of module actor>: 0:0
@!@!@ENDMSG 2772 @!@!@
@!@!@STARTMSG 2221:0 @!@!@
  line 322, col 16 to line 322, col 30 of module actor: 27
@!@!@ENDMSG 2221 @!@!@
@!@!@STARTMSG 2221:0 @!@!@
  line 326, col 38 to line 326, col 108 of module actor: 0
@!@!@ENDMSG 2221 @!@!@
@!@!@STARTMSG 2221:0 @!@!@
  line 328, col 38 to line 328, col 59 of module actor: 0
@!@!@ENDMSG 2221 @!@!@
@!@!@STARTMSG 2221:0 @!@!@
  line 330, col 27 to line 330, col 48 of module actor: 0
@!@!@ENDMSG 2221 @!@!@
@!@!@STARTMSG 2221:0 @!@!@
  line 331, col 16 to line 331, col 86 of module actor: 0
@!@!@ENDMSG 2221 @!@!@
@!@!@STARTMSG 2221:0 @!@!@
  line 332, col 16 to line 332, col 50 of module actor: 0
@!@!@ENDMSG 2221 @!@!@
@!@!@STARTMSG 2221:0 @!@!@
  line 333, col 16 to line 333, col 47 of module actor: 0
@!@!@ENDMSG 2221 @!@!@
@!@!@STARTMSG 2221:0 @!@!@
  line 334, col 16 to line 334, col 53 of module actor: 0
@!@!@ENDMSG 2221 @!@!@
@!@!@STARTMSG 2221:0 @!@!@
  line 335, col 16 to line 335, col 59 of module actor: 0
@!@!@ENDMSG 2221 @!@!@
@!@!@STARTMSG 2221:0 @!@!@
  line 336, col 16 to line 338, col 73 of module actor: 0
@!@!@ENDMSG 2221 @!@!@
@!@!@STARTMSG 2772:0 @!@!@
<Terminating line 348, col 1 to line 348, col 11 of module actor>: 0:0
@!@!@ENDMSG 2772 @!@!@
@!@!@STARTMSG 2221:0 @!@!@
  line 348, col 19 to line 348, col 56 of module actor: 9
@!@!@ENDMSG 2221 @!@!@
@!@!@STARTMSG 2221:0 @!@!@
  line 349, col 19 to line 349, col 32 of module actor: 0
@!@!@ENDMSG 2221 @!@!@
@!@!@STARTMSG 2202:0 @!@!@
End of statistics.
@!@!@ENDMSG 2202 @!@!@
@!@!@STARTMSG 2200:0 @!@!@
Progress(5) at 2022-04-07 01:35:53: 5 states generated (206 s/min), 5 distinct states found (206 ds/min), 0 states left on queue.
@!@!@ENDMSG 2200 @!@!@
@!@!@STARTMSG 2199:0 @!@!@
5 states generated, 5 distinct states found, 0 states left on queue.
@!@!@ENDMSG 2199 @!@!@
@!@!@STARTMSG 2186:0 @!@!@
Finished in 1462ms at (2022-04-07 01:35:53)
@!@!@ENDMSG 2186 @!@!@
