@!@!@STARTMSG 2262:0 @!@!@
TLC2 Version 2.16 of 31 December 2020 (rev: cdddf55)
@!@!@ENDMSG 2262 @!@!@
@!@!@STARTMSG 2187:0 @!@!@
Running breadth-first search Model-Checking with fp 31 and seed -8501112316698070569 with 4 workers on 8 cores with 448MB heap and 1004MB offheap memory [pid: 1504] (Windows 10 10.0 amd64, AdoptOpenJDK 14.0.1 x86_64, OffHeapDiskFPSet, DiskStateQueue).
@!@!@ENDMSG 2187 @!@!@
@!@!@STARTMSG 2220:0 @!@!@
Starting SANY...
@!@!@ENDMSG 2220 @!@!@
Parsing file D:\TLA\actor\actor.toolbox\Model_2\MC.tla
Parsing file D:\TLA\actor\actor.toolbox\Model_2\actor.tla
Parsing file D:\TLA\TLAToolbox-1.7.1-win32.win32.x86_64\toolbox\plugins\org.lamport.tlatools_1.0.0.202012311918\tla2sany\StandardModules\TLC.tla
Parsing file D:\TLA\TLAToolbox-1.7.1-win32.win32.x86_64\toolbox\plugins\org.lamport.tlatools_1.0.0.202012311918\tla2sany\StandardModules\Integers.tla
Parsing file D:\TLA\TLAToolbox-1.7.1-win32.win32.x86_64\toolbox\plugins\org.lamport.tlatools_1.0.0.202012311918\tla2sany\StandardModules\Sequences.tla
Parsing file D:\TLA\TLAToolbox-1.7.1-win32.win32.x86_64\toolbox\plugins\org.lamport.tlatools_1.0.0.202012311918\tla2sany\StandardModules\Naturals.tla
Parsing file D:\TLA\TLAToolbox-1.7.1-win32.win32.x86_64\toolbox\plugins\org.lamport.tlatools_1.0.0.202012311918\tla2sany\StandardModules\FiniteSets.tla
Semantic processing of module Naturals
Semantic processing of module Sequences
Semantic processing of module FiniteSets
Semantic processing of module TLC
Semantic processing of module Integers
Semantic processing of module actor
Semantic processing of module MC
@!@!@STARTMSG 2219:0 @!@!@
SANY finished.
@!@!@ENDMSG 2219 @!@!@
@!@!@STARTMSG 2185:0 @!@!@
Starting... (2022-02-04 23:21:43)
@!@!@ENDMSG 2185 @!@!@
@!@!@STARTMSG 2212:0 @!@!@
Implied-temporal checking--satisfiability problem has 1 branches.
@!@!@ENDMSG 2212 @!@!@
@!@!@STARTMSG 2189:0 @!@!@
Computing initial states...
@!@!@ENDMSG 2189 @!@!@
@!@!@STARTMSG 2190:0 @!@!@
Finished computing initial states: 1 distinct state generated at 2022-02-04 23:21:43.
@!@!@ENDMSG 2190 @!@!@
"i"
"i"
1
1
"i"
1
"i"
1
"i"
1
"i"
1
"i"
1
"i"
1
"i"
1
"i"
"i"
1
"i"
1
"i"
1
"i"
1
"i"
1
"i"
1
"i"
1
"i"
1
"i"
1
"i"
1
"i"
1
1
"i"
1
"i"
1
"i"
1
"i"
1
"i"
1
"i"
1
"i"
"i"
"i"
1
1
1
"i"
1
"i"
1
"i"
1
"i"
1
"i"
1
"i"
"i"
"i"
1
1
"i"
"i"
1
1
"i"
"i"
1
1
"i"
1
1
"i"
"i"
1
"i"
1
"i"
1
1
"i"
1
"i"
1
"i"
1
"i"
1
"i"
1
"i"
1
"i"
1
"i"
1
"i"
1
"i"
1
"i"
1
"i"
1
"i"
1
"i"
1
"i"
1
"i"
1
"i"
1
"i"
1
"i"
1
"i"
1
"i"
1
"i"
1
"i"
1
"i"
1
"i"
1
"i"
1
"i"
1
"i"
1
"i"
1
"i"
"i"
1
"i"
1
"i"
1
"i"
1
"i"
"i"
1
1
"i"
1
"i"
1
"i"
1
"i"
1
"i"
1
"i"
1
"i"
1
"i"
1
"i"
1
"i"
1
"i"
1
"i"
1
"i"
1
"i"
1
"i"
1
"i"
1
"i"
1
"i"
"i"
1
"i"
1
"i"
1
"i"
1
1
"i"
1
"i"
1
1
"i"
"i"
1
"i"
1
"i"
1
"i"
1
"i"
1
"i"
1
"i"
1
"i"
1
"i"
1
"i"
"i"
1
1
"i"
1
"i"
1
1
"i"
1
"i"
1
"i"
1
"i"
1
"i"
1
"i"
1
"i"
1
"i"
1
"i"
"i"
1
"i"
1
"i"
1
"i"
1
"i"
1
"i"
1
"i"
1
"i"
1
"i"
1
"i"
"i"
1
1
"i"
1
1
"i"
1
"i"
1
"i"
1
"i"
1
"i"
1
"i"
1
"i"
1
"i"
1
"i"
"i"
1
1
"i"
1
"i"
1
"i"
"i"
1
"i"
1
"i"
1
"i"
1
"i"
1
"i"
1
"i"
1
1
"i"
1
"i"
1
"i"
1
"i"
1
"i"
1
"i"
1
"i"
1
"i"
1
"i"
1
"i"
1
"i"
1
"i"
"i"
"i"
1
1
"i"
1
1
"i"
1
"i"
1
"i"
1
"i"
1
"i"
1
"i"
1
"i"
1
"i"
1
"i"
1
"i"
1
"i"
1
"i"
1
"i"
1
"i"
1
"i"
1
"i"
"i"
1
"i"
1
"i"
1
"i"
1
"i"
1
"i"
1
"i"
1
"i"
1
"i"
1
"i"
1
"i"
1
"i"
1
"i"
1
"i"
"i"
1
"i"
1
"i"
1
"i"
1
"i"
1
"i"
1
"i"
1
"i"
1
"i"
1
"i"
1
1
"i"
1
"i"
"i"
1
1
"i"
1
1
"i"
1
"i"
1
"i"
1
"i"
1
"i"
1
"i"
1
"i"
1
"i"
"i"
1
1
"i"
1
"i"
"i"
1
"i"
1
1
"i"
1
"i"
1
"i"
"i"
1
"i"
"i"
1
1
"i"
1
"i"
1
"i"
"i"
1
"i"
1
"i"
1
"i"
1
"i"
1
"i"
1
"i"
1
1
1
"i"
1
"i"
1
"i"
1
"i"
1
"i"
1
"i"
1
"i"
"i"
1
1
"i"
1
"i"
1
"i"
1
"i"
"i"
1
1
"i"
1
"i"
1
"i"
1
"i"
1
"i"
1
"i"
1
"i"
"i"
1
1
"i"
1
"i"
1
"i"
1
"i"
1
"i"
1
"i"
1
"i"
1
"i"
1
"i"
1
"i"
"i"
1
1
"i"
1
"i"
1
"i"
1
"i"
1
"i"
"i"
1
1
"i"
"i"
1
1
@!@!@STARTMSG 1000:1 @!@!@
TLC threw an unexpected exception.
This was probably caused by an error in the spec or model.
See the User Output or TLC Console for clues to what happened.
The exception was a java.lang.RuntimeException
: A non-function (an integer) was applied as a function.
line 143, col 69 to line 143, col 96 of module actor
@!@!@ENDMSG 1000 @!@!@
"i"
1
"i"
1
"i"
1
"i"
1
"i"
1
"i"
1
"i"
1
"i"
1
"i"
1
"i"
1
"i"
1
"i"
1
"i"
1
"i"
1
"i"
1
"i"
1
"i"
1
"i"
1
"i"
1
"i"
1
"i"
1
"i"
1
"i"
1
"i"
1
"i"
1
"i"
1
"i"
1
"i"
1
"i"
1
"i"
1
"i"
1
"i"
1
"i"
1
"i"
1
"i"
1
"i"
1
"i"
1
"i"
1
"i"
1
"i"
1
"i"
1
"i"
1
"i"
1
"i"
1
"i"
1
"i"
1
"i"
1
"i"
1
"i"
1
"i"
1
"i"
1
"i"
1
@!@!@STARTMSG 2121:1 @!@!@
The behavior up to this point is:
@!@!@ENDMSG 2121 @!@!@
@!@!@STARTMSG 2217:4 @!@!@
1: <Initial predicate>
/\ stack = (0 :> <<>> @@ 1 :> <<>> @@ 3 :> <<>>)
/\ triggered = FALSE
/\ actorInboxes = (0 :> <<<<"FindPredecessor", 6, 0>>>> @@ 1 :> <<>> @@ 3 :> <<>>)
/\ i = (0 :> defaultInitValue @@ 1 :> defaultInitValue @@ 3 :> defaultInitValue)
/\ id = (0 :> defaultInitValue @@ 1 :> defaultInitValue @@ 3 :> defaultInitValue)
/\ m = 3
/\ asker = (0 :> defaultInitValue @@ 1 :> defaultInitValue @@ 3 :> defaultInitValue)
/\ currentMessage = ( 0 :> <<"?", "no_content">> @@
  1 :> <<"?", "no_content">> @@
  3 :> <<"?", "no_content">> )
/\ content = (0 :> "no_content" @@ 1 :> "no_content" @@ 3 :> "no_content")
/\ pc = (0 :> "WaitForMessages" @@ 1 :> "WaitForMessages" @@ 3 :> "WaitForMessages")
/\ trigger_content = (0 :> "?" @@ 1 :> "?" @@ 3 :> "?")
/\ fingerTables = (0 :> <<1>> @@ 1 :> (2 :> 3) @@ 2 :> 3 @@ 3 :> 5 @@ 4 :> 0 @@ 5 :> 0 @@ 7 :> 0)
/\ kind = (0 :> "?" @@ 1 :> "?" @@ 3 :> "?")

@!@!@ENDMSG 2217 @!@!@
@!@!@STARTMSG 2217:4 @!@!@
2: <WaitForMessages line 125, col 26 to line 137, col 73 of module actor>
/\ stack = (0 :> <<>> @@ 1 :> <<>> @@ 3 :> <<>>)
/\ triggered = FALSE
/\ actorInboxes = (0 :> <<>> @@ 1 :> <<>> @@ 3 :> <<>>)
/\ i = (0 :> defaultInitValue @@ 1 :> defaultInitValue @@ 3 :> defaultInitValue)
/\ id = (0 :> defaultInitValue @@ 1 :> defaultInitValue @@ 3 :> defaultInitValue)
/\ m = 3
/\ asker = (0 :> defaultInitValue @@ 1 :> defaultInitValue @@ 3 :> defaultInitValue)
/\ currentMessage = ( 0 :> <<"FindPredecessor", 6, 0>> @@
  1 :> <<"?", "no_content">> @@
  3 :> <<"?", "no_content">> )
/\ content = (0 :> 6 @@ 1 :> "no_content" @@ 3 :> "no_content")
/\ pc = (0 :> "ProcessMessage" @@ 1 :> "WaitForMessages" @@ 3 :> "WaitForMessages")
/\ trigger_content = (0 :> "?" @@ 1 :> "?" @@ 3 :> "?")
/\ fingerTables = (0 :> <<1>> @@ 1 :> (2 :> 3) @@ 2 :> 3 @@ 3 :> 5 @@ 4 :> 0 @@ 5 :> 0 @@ 7 :> 0)
/\ kind = (0 :> "FindPredecessor" @@ 1 :> "?" @@ 3 :> "?")

@!@!@ENDMSG 2217 @!@!@
@!@!@STARTMSG 2217:4 @!@!@
3: <ProcessMessage line 139, col 25 to line 163, col 72 of module actor>
/\ stack = (0 :> <<>> @@ 1 :> <<>> @@ 3 :> <<>>)
/\ triggered = FALSE
/\ actorInboxes = (0 :> <<>> @@ 1 :> <<>> @@ 3 :> <<>>)
/\ i = (0 :> 3 @@ 1 :> defaultInitValue @@ 3 :> defaultInitValue)
/\ id = (0 :> 6 @@ 1 :> defaultInitValue @@ 3 :> defaultInitValue)
/\ m = 3
/\ asker = (0 :> 0 @@ 1 :> defaultInitValue @@ 3 :> defaultInitValue)
/\ currentMessage = ( 0 :> <<"FindPredecessor", 6, 0>> @@
  1 :> <<"?", "no_content">> @@
  3 :> <<"?", "no_content">> )
/\ content = (0 :> 6 @@ 1 :> "no_content" @@ 3 :> "no_content")
/\ pc = (0 :> "FindFistSuitableI" @@ 1 :> "WaitForMessages" @@ 3 :> "WaitForMessages")
/\ trigger_content = (0 :> "?" @@ 1 :> "?" @@ 3 :> "?")
/\ fingerTables = (0 :> <<1>> @@ 1 :> (2 :> 3) @@ 2 :> 3 @@ 3 :> 5 @@ 4 :> 0 @@ 5 :> 0 @@ 7 :> 0)
/\ kind = (0 :> "FindPredecessor" @@ 1 :> "?" @@ 3 :> "?")

@!@!@ENDMSG 2217 @!@!@
@!@!@STARTMSG 2217:4 @!@!@
4: <FindFistSuitableI line 165, col 28 to line 176, col 70 of module actor>
/\ stack = (0 :> <<>> @@ 1 :> <<>> @@ 3 :> <<>>)
/\ triggered = FALSE
/\ actorInboxes = (0 :> <<>> @@ 1 :> <<>> @@ 3 :> <<>>)
/\ i = (0 :> 2 @@ 1 :> defaultInitValue @@ 3 :> defaultInitValue)
/\ id = (0 :> 6 @@ 1 :> defaultInitValue @@ 3 :> defaultInitValue)
/\ m = 3
/\ asker = (0 :> 0 @@ 1 :> defaultInitValue @@ 3 :> defaultInitValue)
/\ currentMessage = ( 0 :> <<"FindPredecessor", 6, 0>> @@
  1 :> <<"?", "no_content">> @@
  3 :> <<"?", "no_content">> )
/\ content = (0 :> 6 @@ 1 :> "no_content" @@ 3 :> "no_content")
/\ pc = (0 :> "FindFistSuitableI" @@ 1 :> "WaitForMessages" @@ 3 :> "WaitForMessages")
/\ trigger_content = (0 :> "?" @@ 1 :> "?" @@ 3 :> "?")
/\ fingerTables = (0 :> <<1>> @@ 1 :> (2 :> 3) @@ 2 :> 3 @@ 3 :> 5 @@ 4 :> 0 @@ 5 :> 0 @@ 7 :> 0)
/\ kind = (0 :> "FindPredecessor" @@ 1 :> "?" @@ 3 :> "?")

@!@!@ENDMSG 2217 @!@!@
"i"
1
@!@!@STARTMSG 2217:4 @!@!@
5: <FindFistSuitableI line 165, col 28 to line 176, col 70 of module actor>
/\ stack = (0 :> <<>> @@ 1 :> <<>> @@ 3 :> <<>>)
/\ triggered = FALSE
/\ actorInboxes = (0 :> <<>> @@ 1 :> <<>> @@ 3 :> <<>>)
/\ i = (0 :> 1 @@ 1 :> defaultInitValue @@ 3 :> defaultInitValue)
/\ id = (0 :> 6 @@ 1 :> defaultInitValue @@ 3 :> defaultInitValue)
/\ m = 3
/\ asker = (0 :> 0 @@ 1 :> defaultInitValue @@ 3 :> defaultInitValue)
/\ currentMessage = ( 0 :> <<"FindPredecessor", 6, 0>> @@
  1 :> <<"?", "no_content">> @@
  3 :> <<"?", "no_content">> )
/\ content = (0 :> 6 @@ 1 :> "no_content" @@ 3 :> "no_content")
/\ pc = (0 :> "FindFistSuitableI" @@ 1 :> "WaitForMessages" @@ 3 :> "WaitForMessages")
/\ trigger_content = (0 :> "?" @@ 1 :> "?" @@ 3 :> "?")
/\ fingerTables = (0 :> <<1>> @@ 1 :> (2 :> 3) @@ 2 :> 3 @@ 3 :> 5 @@ 4 :> 0 @@ 5 :> 0 @@ 7 :> 0)
/\ kind = (0 :> "FindPredecessor" @@ 1 :> "?" @@ 3 :> "?")

@!@!@ENDMSG 2217 @!@!@
"i"
1
@!@!@STARTMSG 2217:4 @!@!@
6: <FindFistSuitableI line 165, col 28 to line 176, col 70 of module actor>
/\ stack = (0 :> <<>> @@ 1 :> <<>> @@ 3 :> <<>>)
/\ triggered = FALSE
/\ actorInboxes = (0 :> <<>> @@ 1 :> <<>> @@ 3 :> <<>>)
/\ i = (0 :> 1 @@ 1 :> defaultInitValue @@ 3 :> defaultInitValue)
/\ id = (0 :> 6 @@ 1 :> defaultInitValue @@ 3 :> defaultInitValue)
/\ m = 3
/\ asker = (0 :> 0 @@ 1 :> defaultInitValue @@ 3 :> defaultInitValue)
/\ currentMessage = ( 0 :> <<"FindPredecessor", 6, 0>> @@
  1 :> <<"?", "no_content">> @@
  3 :> <<"?", "no_content">> )
/\ content = (0 :> 6 @@ 1 :> "no_content" @@ 3 :> "no_content")
/\ pc = (0 :> "MainLoop" @@ 1 :> "WaitForMessages" @@ 3 :> "WaitForMessages")
/\ trigger_content = (0 :> "?" @@ 1 :> "?" @@ 3 :> "?")
/\ fingerTables = (0 :> <<1>> @@ 1 :> (2 :> 3) @@ 2 :> 3 @@ 3 :> 5 @@ 4 :> 0 @@ 5 :> 0 @@ 7 :> 0)
/\ kind = (0 :> "FindPredecessor" @@ 1 :> "?" @@ 3 :> "?")

@!@!@ENDMSG 2217 @!@!@
"i"
1
"i"
1
@!@!@STARTMSG 2217:4 @!@!@
7: <MainLoop line 178, col 19 to line 190, col 55 of module actor>
/\ stack = (0 :> <<>> @@ 1 :> <<>> @@ 3 :> <<>>)
/\ triggered = FALSE
/\ actorInboxes = (0 :> <<>> @@ 1 :> <<<<"FindPredecessor", 6, 0>>>> @@ 3 :> <<>>)
/\ i = (0 :> 1 @@ 1 :> defaultInitValue @@ 3 :> defaultInitValue)
/\ id = (0 :> 6 @@ 1 :> defaultInitValue @@ 3 :> defaultInitValue)
/\ m = 3
/\ asker = (0 :> 0 @@ 1 :> defaultInitValue @@ 3 :> defaultInitValue)
/\ currentMessage = ( 0 :> <<"FindPredecessor", 6, 0>> @@
  1 :> <<"?", "no_content">> @@
  3 :> <<"?", "no_content">> )
/\ content = (0 :> 6 @@ 1 :> "no_content" @@ 3 :> "no_content")
/\ pc = (0 :> "WaitForMessages" @@ 1 :> "WaitForMessages" @@ 3 :> "WaitForMessages")
/\ trigger_content = (0 :> "?" @@ 1 :> "?" @@ 3 :> "?")
/\ fingerTables = (0 :> <<1>> @@ 1 :> (2 :> 3) @@ 2 :> 3 @@ 3 :> 5 @@ 4 :> 0 @@ 5 :> 0 @@ 7 :> 0)
/\ kind = (0 :> "FindPredecessor" @@ 1 :> "?" @@ 3 :> "?")

@!@!@ENDMSG 2217 @!@!@
"i"
1
@!@!@STARTMSG 2217:4 @!@!@
8: <WaitForMessages line 125, col 26 to line 137, col 73 of module actor>
/\ stack = (0 :> <<>> @@ 1 :> <<>> @@ 3 :> <<>>)
/\ triggered = FALSE
/\ actorInboxes = (0 :> <<>> @@ 1 :> <<>> @@ 3 :> <<>>)
/\ i = (0 :> 1 @@ 1 :> defaultInitValue @@ 3 :> defaultInitValue)
/\ id = (0 :> 6 @@ 1 :> defaultInitValue @@ 3 :> defaultInitValue)
/\ m = 3
/\ asker = (0 :> 0 @@ 1 :> defaultInitValue @@ 3 :> defaultInitValue)
/\ currentMessage = ( 0 :> <<"FindPredecessor", 6, 0>> @@
  1 :> <<"FindPredecessor", 6, 0>> @@
  3 :> <<"?", "no_content">> )
/\ content = (0 :> 6 @@ 1 :> 6 @@ 3 :> "no_content")
/\ pc = (0 :> "WaitForMessages" @@ 1 :> "ProcessMessage" @@ 3 :> "WaitForMessages")
/\ trigger_content = (0 :> "?" @@ 1 :> "?" @@ 3 :> "?")
/\ fingerTables = (0 :> <<1>> @@ 1 :> (2 :> 3) @@ 2 :> 3 @@ 3 :> 5 @@ 4 :> 0 @@ 5 :> 0 @@ 7 :> 0)
/\ kind = (0 :> "FindPredecessor" @@ 1 :> "FindPredecessor" @@ 3 :> "?")

@!@!@ENDMSG 2217 @!@!@
"i"
1
@!@!@STARTMSG 2217:4 @!@!@
9: <ProcessMessage line 139, col 25 to line 163, col 72 of module actor>
/\ stack = (0 :> <<>> @@ 1 :> <<>> @@ 3 :> <<>>)
/\ triggered = FALSE
/\ actorInboxes = (0 :> <<>> @@ 1 :> <<>> @@ 3 :> <<>>)
/\ i = (0 :> 1 @@ 1 :> 3 @@ 3 :> defaultInitValue)
/\ id = (0 :> 6 @@ 1 :> 6 @@ 3 :> defaultInitValue)
/\ m = 3
/\ asker = (0 :> 0 @@ 1 :> 0 @@ 3 :> defaultInitValue)
/\ currentMessage = ( 0 :> <<"FindPredecessor", 6, 0>> @@
  1 :> <<"FindPredecessor", 6, 0>> @@
  3 :> <<"?", "no_content">> )
/\ content = (0 :> 6 @@ 1 :> 6 @@ 3 :> "no_content")
/\ pc = (0 :> "WaitForMessages" @@ 1 :> "FindFistSuitableI" @@ 3 :> "WaitForMessages")
/\ trigger_content = (0 :> "?" @@ 1 :> "?" @@ 3 :> "?")
/\ fingerTables = (0 :> <<1>> @@ 1 :> (2 :> 3) @@ 2 :> 3 @@ 3 :> 5 @@ 4 :> 0 @@ 5 :> 0 @@ 7 :> 0)
/\ kind = (0 :> "FindPredecessor" @@ 1 :> "FindPredecessor" @@ 3 :> "?")

@!@!@ENDMSG 2217 @!@!@
@!@!@STARTMSG 2217:4 @!@!@
10: <FindFistSuitableI line 165, col 28 to line 176, col 70 of module actor>
/\ stack = (0 :> <<>> @@ 1 :> <<>> @@ 3 :> <<>>)
/\ triggered = FALSE
/\ actorInboxes = (0 :> <<>> @@ 1 :> <<>> @@ 3 :> <<>>)
/\ i = (0 :> 1 @@ 1 :> 2 @@ 3 :> defaultInitValue)
/\ id = (0 :> 6 @@ 1 :> 6 @@ 3 :> defaultInitValue)
/\ m = 3
/\ asker = (0 :> 0 @@ 1 :> 0 @@ 3 :> defaultInitValue)
/\ currentMessage = ( 0 :> <<"FindPredecessor", 6, 0>> @@
  1 :> <<"FindPredecessor", 6, 0>> @@
  3 :> <<"?", "no_content">> )
/\ content = (0 :> 6 @@ 1 :> 6 @@ 3 :> "no_content")
/\ pc = (0 :> "WaitForMessages" @@ 1 :> "FindFistSuitableI" @@ 3 :> "WaitForMessages")
/\ trigger_content = (0 :> "?" @@ 1 :> "?" @@ 3 :> "?")
/\ fingerTables = (0 :> <<1>> @@ 1 :> (2 :> 3) @@ 2 :> 3 @@ 3 :> 5 @@ 4 :> 0 @@ 5 :> 0 @@ 7 :> 0)
/\ kind = (0 :> "FindPredecessor" @@ 1 :> "FindPredecessor" @@ 3 :> "?")

@!@!@ENDMSG 2217 @!@!@
"i"
@!@!@STARTMSG 2217:4 @!@!@
11: <FindFistSuitableI line 165, col 28 to line 176, col 70 of module actor>
/\ stack = (0 :> <<>> @@ 1 :> <<>> @@ 3 :> <<>>)
/\ triggered = FALSE
/\ actorInboxes = (0 :> <<>> @@ 1 :> <<>> @@ 3 :> <<>>)
/\ i = (0 :> 1 @@ 1 :> 1 @@ 3 :> defaultInitValue)
/\ id = (0 :> 6 @@ 1 :> 6 @@ 3 :> defaultInitValue)
/\ m = 3
/\ asker = (0 :> 0 @@ 1 :> 0 @@ 3 :> defaultInitValue)
/\ currentMessage = ( 0 :> <<"FindPredecessor", 6, 0>> @@
  1 :> <<"FindPredecessor", 6, 0>> @@
  3 :> <<"?", "no_content">> )
/\ content = (0 :> 6 @@ 1 :> 6 @@ 3 :> "no_content")
/\ pc = (0 :> "WaitForMessages" @@ 1 :> "FindFistSuitableI" @@ 3 :> "WaitForMessages")
/\ trigger_content = (0 :> "?" @@ 1 :> "?" @@ 3 :> "?")
/\ fingerTables = (0 :> <<1>> @@ 1 :> (2 :> 3) @@ 2 :> 3 @@ 3 :> 5 @@ 4 :> 0 @@ 5 :> 0 @@ 7 :> 0)
/\ kind = (0 :> "FindPredecessor" @@ 1 :> "FindPredecessor" @@ 3 :> "?")

@!@!@ENDMSG 2217 @!@!@
1
"i"
1
@!@!@STARTMSG 2217:4 @!@!@
12: <FindFistSuitableI line 165, col 28 to line 176, col 70 of module actor>
/\ stack = (0 :> <<>> @@ 1 :> <<>> @@ 3 :> <<>>)
/\ triggered = FALSE
/\ actorInboxes = (0 :> <<>> @@ 1 :> <<>> @@ 3 :> <<>>)
/\ i = (0 :> 1 @@ 1 :> 1 @@ 3 :> defaultInitValue)
/\ id = (0 :> 6 @@ 1 :> 6 @@ 3 :> defaultInitValue)
/\ m = 3
/\ asker = (0 :> 0 @@ 1 :> 0 @@ 3 :> defaultInitValue)
/\ currentMessage = ( 0 :> <<"FindPredecessor", 6, 0>> @@
  1 :> <<"FindPredecessor", 6, 0>> @@
  3 :> <<"?", "no_content">> )
/\ content = (0 :> 6 @@ 1 :> 6 @@ 3 :> "no_content")
/\ pc = (0 :> "WaitForMessages" @@ 1 :> "MainLoop" @@ 3 :> "WaitForMessages")
/\ trigger_content = (0 :> "?" @@ 1 :> "?" @@ 3 :> "?")
/\ fingerTables = (0 :> <<1>> @@ 1 :> (2 :> 3) @@ 2 :> 3 @@ 3 :> 5 @@ 4 :> 0 @@ 5 :> 0 @@ 7 :> 0)
/\ kind = (0 :> "FindPredecessor" @@ 1 :> "FindPredecessor" @@ 3 :> "?")

@!@!@ENDMSG 2217 @!@!@
"i"
@!@!@STARTMSG 2217:4 @!@!@
13: <MainLoop line 178, col 19 to line 190, col 55 of module actor>
/\ stack = (0 :> <<>> @@ 1 :> <<>> @@ 3 :> <<>>)
/\ triggered = FALSE
/\ actorInboxes = (0 :> <<>> @@ 1 :> <<>> @@ 3 :> <<<<"FindPredecessor", 6, 0>>>>)
/\ i = (0 :> 1 @@ 1 :> 1 @@ 3 :> defaultInitValue)
/\ id = (0 :> 6 @@ 1 :> 6 @@ 3 :> defaultInitValue)
/\ m = 3
/\ asker = (0 :> 0 @@ 1 :> 0 @@ 3 :> defaultInitValue)
/\ currentMessage = ( 0 :> <<"FindPredecessor", 6, 0>> @@
  1 :> <<"FindPredecessor", 6, 0>> @@
  3 :> <<"?", "no_content">> )
/\ content = (0 :> 6 @@ 1 :> 6 @@ 3 :> "no_content")
/\ pc = (0 :> "WaitForMessages" @@ 1 :> "WaitForMessages" @@ 3 :> "WaitForMessages")
/\ trigger_content = (0 :> "?" @@ 1 :> "?" @@ 3 :> "?")
/\ fingerTables = (0 :> <<1>> @@ 1 :> (2 :> 3) @@ 2 :> 3 @@ 3 :> 5 @@ 4 :> 0 @@ 5 :> 0 @@ 7 :> 0)
/\ kind = (0 :> "FindPredecessor" @@ 1 :> "FindPredecessor" @@ 3 :> "?")

@!@!@ENDMSG 2217 @!@!@
@!@!@STARTMSG 2217:4 @!@!@
14: <WaitForMessages line 125, col 26 to line 137, col 73 of module actor>
/\ stack = (0 :> <<>> @@ 1 :> <<>> @@ 3 :> <<>>)
/\ triggered = FALSE
/\ actorInboxes = (0 :> <<>> @@ 1 :> <<>> @@ 3 :> <<>>)
/\ i = (0 :> 1 @@ 1 :> 1 @@ 3 :> defaultInitValue)
/\ id = (0 :> 6 @@ 1 :> 6 @@ 3 :> defaultInitValue)
/\ m = 3
/\ asker = (0 :> 0 @@ 1 :> 0 @@ 3 :> defaultInitValue)
/\ currentMessage = ( 0 :> <<"FindPredecessor", 6, 0>> @@
  1 :> <<"FindPredecessor", 6, 0>> @@
  3 :> <<"FindPredecessor", 6, 0>> )
/\ content = (0 :> 6 @@ 1 :> 6 @@ 3 :> 6)
/\ pc = (0 :> "WaitForMessages" @@ 1 :> "WaitForMessages" @@ 3 :> "ProcessMessage")
/\ trigger_content = (0 :> "?" @@ 1 :> "?" @@ 3 :> "?")
/\ fingerTables = (0 :> <<1>> @@ 1 :> (2 :> 3) @@ 2 :> 3 @@ 3 :> 5 @@ 4 :> 0 @@ 5 :> 0 @@ 7 :> 0)
/\ kind = (0 :> "FindPredecessor" @@ 1 :> "FindPredecessor" @@ 3 :> "FindPredecessor")

@!@!@ENDMSG 2217 @!@!@
1
"i"
1
@!@!@STARTMSG 2103:1 @!@!@
The error occurred when TLC was evaluating the nested
expressions at the following positions:
0. Line 139, column 25 to line 163, column 72 in actor
1. Line 139, column 28 to line 139, column 54 in actor
2. Line 140, column 28 to line 161, column 80 in actor
3. Line 141, column 36 to line 150, column 76 in actor
4. Line 141, column 39 to line 141, column 89 in actor
5. Line 142, column 39 to line 142, column 95 in actor
6. Line 143, column 39 to line 149, column 71 in actor
7. Line 143, column 42 to line 143, column 97 in actor
8. Line 4, column 26 to line 4, column 110 in actor
9. Line 4, column 27 to line 4, column 64 in actor
10. Line 4, column 28 to line 4, column 34 in actor
11. Line 4, column 33 to line 4, column 34 in actor
12. Line 143, column 69 to line 143, column 96 in actor


@!@!@ENDMSG 2103 @!@!@
@!@!@STARTMSG 2201:0 @!@!@
The coverage statistics at 2022-02-04 23:21:44
@!@!@ENDMSG 2201 @!@!@
@!@!@STARTMSG 2773:0 @!@!@
<Init line 95, col 1 to line 95, col 4 of module actor>: 2:2
@!@!@ENDMSG 2773 @!@!@
@!@!@STARTMSG 2221:0 @!@!@
  line 96, col 9 to line 112, col 56 of module actor: 2
@!@!@ENDMSG 2221 @!@!@
@!@!@STARTMSG 2772:0 @!@!@
<triggerLabel line 114, col 1 to line 114, col 18 of module actor>: 0:0
@!@!@ENDMSG 2772 @!@!@
@!@!@STARTMSG 2221:0 @!@!@
  line 114, col 26 to line 114, col 50 of module actor: 468
@!@!@ENDMSG 2221 @!@!@
@!@!@STARTMSG 2221:0 @!@!@
  line 115, col 26 to line 115, col 42 of module actor: 0
@!@!@ENDMSG 2221 @!@!@
@!@!@STARTMSG 2221:0 @!@!@
  line 116, col 26 to line 116, col 73 of module actor: 0
@!@!@ENDMSG 2221 @!@!@
@!@!@STARTMSG 2221:0 @!@!@
  line 117, col 26 to line 117, col 112 of module actor: 0
@!@!@ENDMSG 2221 @!@!@
@!@!@STARTMSG 2221:0 @!@!@
  line 118, col 26 to line 118, col 76 of module actor: 0
@!@!@ENDMSG 2221 @!@!@
@!@!@STARTMSG 2221:0 @!@!@
  line 119, col 26 to line 121, col 42 of module actor: 0
@!@!@ENDMSG 2221 @!@!@
@!@!@STARTMSG 2772:0 @!@!@
<WaitForMessages line 125, col 1 to line 125, col 21 of module actor>: 39:161
@!@!@ENDMSG 2772 @!@!@
@!@!@STARTMSG 2221:0 @!@!@
  line 125, col 29 to line 125, col 56 of module actor: 611
@!@!@ENDMSG 2221 @!@!@
@!@!@STARTMSG 2221:0 @!@!@
  |line 125, col 29 to line 125, col 36 of module actor: 450
@!@!@ENDMSG 2221 @!@!@
@!@!@STARTMSG 2221:0 @!@!@
  line 126, col 32 to line 126, col 57 of module actor: 161
@!@!@ENDMSG 2221 @!@!@
@!@!@STARTMSG 2221:0 @!@!@
  line 127, col 37 to line 130, col 111 of module actor: 32
@!@!@ENDMSG 2221 @!@!@
@!@!@STARTMSG 2221:0 @!@!@
  line 131, col 40 to line 131, col 43 of module actor: 129
@!@!@ENDMSG 2221 @!@!@
@!@!@STARTMSG 2221:0 @!@!@
  line 132, col 40 to line 134, col 62 of module actor: 129
@!@!@ENDMSG 2221 @!@!@
@!@!@STARTMSG 2221:0 @!@!@
  line 135, col 29 to line 135, col 72 of module actor: 161
@!@!@ENDMSG 2221 @!@!@
@!@!@STARTMSG 2221:0 @!@!@
  line 136, col 29 to line 137, col 73 of module actor: 161
@!@!@ENDMSG 2221 @!@!@
@!@!@STARTMSG 2772:0 @!@!@
<ProcessMessage line 139, col 1 to line 139, col 20 of module actor>: 36:153
@!@!@ENDMSG 2772 @!@!@
@!@!@STARTMSG 2221:0 @!@!@
  line 139, col 28 to line 139, col 54 of module actor: 600
@!@!@ENDMSG 2221 @!@!@
@!@!@STARTMSG 2221:0 @!@!@
  |line 139, col 28 to line 139, col 35 of module actor: 447
@!@!@ENDMSG 2221 @!@!@
@!@!@STARTMSG 2221:0 @!@!@
  line 140, col 31 to line 140, col 60 of module actor: 157
@!@!@ENDMSG 2221 @!@!@
@!@!@STARTMSG 2221:0 @!@!@
  line 141, col 39 to line 141, col 89 of module actor: 55
@!@!@ENDMSG 2221 @!@!@
@!@!@STARTMSG 2221:0 @!@!@
  |line 141, col 45 to line 141, col 89 of module actor: 59
@!@!@ENDMSG 2221 @!@!@
@!@!@STARTMSG 2221:0 @!@!@
  line 142, col 39 to line 142, col 95 of module actor: 55
@!@!@ENDMSG 2221 @!@!@
@!@!@STARTMSG 2221:0 @!@!@
  |line 142, col 48 to line 142, col 95 of module actor: 59
@!@!@ENDMSG 2221 @!@!@
@!@!@STARTMSG 2221:0 @!@!@
  line 143, col 42 to line 143, col 97 of module actor: 59
@!@!@ENDMSG 2221 @!@!@
@!@!@STARTMSG 2221:0 @!@!@
  |line 4, col 26 to line 4, col 110 of module actor: 59
@!@!@ENDMSG 2221 @!@!@
@!@!@STARTMSG 2221:0 @!@!@
  ||line 4, col 27 to line 4, col 64 of module actor: 59
@!@!@ENDMSG 2221 @!@!@
@!@!@STARTMSG 2221:0 @!@!@
  |||line 4, col 28 to line 4, col 34 of module actor: 59
@!@!@ENDMSG 2221 @!@!@
@!@!@STARTMSG 2221:0 @!@!@
  |||line 4, col 41 to line 4, col 63 of module actor: 55
@!@!@ENDMSG 2221 @!@!@
@!@!@STARTMSG 2221:0 @!@!@
  ||line 4, col 71 to line 4, col 109 of module actor: 55
@!@!@ENDMSG 2221 @!@!@
@!@!@STARTMSG 2221:0 @!@!@
  |line 143, col 52 to line 143, col 55 of module actor: 59
@!@!@ENDMSG 2221 @!@!@
@!@!@STARTMSG 2221:0 @!@!@
  |line 143, col 58 to line 143, col 66 of module actor: 110
@!@!@ENDMSG 2221 @!@!@
@!@!@STARTMSG 2221:0 @!@!@
  |line 143, col 69 to line 143, col 96 of module actor: 59
@!@!@ENDMSG 2221 @!@!@
@!@!@STARTMSG 2221:0 @!@!@
  ||line 143, col 69 to line 143, col 86 of module actor: 59
@!@!@ENDMSG 2221 @!@!@
@!@!@STARTMSG 2221:0 @!@!@
  ||line 143, col 88 to line 143, col 95 of module actor: 55
@!@!@ENDMSG 2221 @!@!@
@!@!@STARTMSG 2221:0 @!@!@
  line 144, col 50 to line 144, col 164 of module actor: 0
@!@!@ENDMSG 2221 @!@!@
@!@!@STARTMSG 2221:0 @!@!@
  line 145, col 50 to line 145, col 94 of module actor: 0
@!@!@ENDMSG 2221 @!@!@
@!@!@STARTMSG 2221:0 @!@!@
  line 146, col 50 to line 146, col 55 of module actor: 0
@!@!@ENDMSG 2221 @!@!@
@!@!@STARTMSG 2221:0 @!@!@
  line 147, col 50 to line 147, col 76 of module actor: 55
@!@!@ENDMSG 2221 @!@!@
@!@!@STARTMSG 2221:0 @!@!@
  line 148, col 50 to line 148, col 96 of module actor: 55
@!@!@ENDMSG 2221 @!@!@
@!@!@STARTMSG 2221:0 @!@!@
  line 149, col 50 to line 149, col 71 of module actor: 55
@!@!@ENDMSG 2221 @!@!@
@!@!@STARTMSG 2221:0 @!@!@
  line 150, col 39 to line 150, col 76 of module actor: 55
@!@!@ENDMSG 2221 @!@!@
@!@!@STARTMSG 2221:0 @!@!@
  line 151, col 42 to line 151, col 67 of module actor: 98
@!@!@ENDMSG 2221 @!@!@
@!@!@STARTMSG 2221:0 @!@!@
  line 152, col 53 to line 155, col 101 of module actor: 0
@!@!@ENDMSG 2221 @!@!@
@!@!@STARTMSG 2221:0 @!@!@
  line 156, col 53 to line 156, col 119 of module actor: 0
@!@!@ENDMSG 2221 @!@!@
@!@!@STARTMSG 2221:0 @!@!@
  line 157, col 50 to line 157, col 91 of module actor: 0
@!@!@ENDMSG 2221 @!@!@
@!@!@STARTMSG 2221:0 @!@!@
  line 158, col 50 to line 158, col 94 of module actor: 98
@!@!@ENDMSG 2221 @!@!@
@!@!@STARTMSG 2221:0 @!@!@
  line 159, col 50 to line 160, col 80 of module actor: 98
@!@!@ENDMSG 2221 @!@!@
@!@!@STARTMSG 2221:0 @!@!@
  line 161, col 39 to line 161, col 80 of module actor: 98
@!@!@ENDMSG 2221 @!@!@
@!@!@STARTMSG 2221:0 @!@!@
  line 162, col 28 to line 163, col 72 of module actor: 153
@!@!@ENDMSG 2221 @!@!@
@!@!@STARTMSG 2772:0 @!@!@
<FindFistSuitableI line 165, col 1 to line 165, col 23 of module actor>: 73:107
@!@!@ENDMSG 2772 @!@!@
@!@!@STARTMSG 2221:0 @!@!@
  line 165, col 31 to line 165, col 60 of module actor: 548
@!@!@ENDMSG 2221 @!@!@
@!@!@STARTMSG 2221:0 @!@!@
  |line 165, col 31 to line 165, col 38 of module actor: 441
@!@!@ENDMSG 2221 @!@!@
@!@!@STARTMSG 2221:0 @!@!@
  line 166, col 34 to line 166, col 103 of module actor: 107
@!@!@ENDMSG 2221 @!@!@
@!@!@STARTMSG 2221:0 @!@!@
  line 167, col 39 to line 168, col 88 of module actor: 78
@!@!@ENDMSG 2221 @!@!@
@!@!@STARTMSG 2221:0 @!@!@
  line 169, col 39 to line 172, col 47 of module actor: 29
@!@!@ENDMSG 2221 @!@!@
@!@!@STARTMSG 2221:0 @!@!@
  line 173, col 31 to line 176, col 70 of module actor: 107
@!@!@ENDMSG 2221 @!@!@
@!@!@STARTMSG 2772:0 @!@!@
<MainLoop line 178, col 1 to line 178, col 14 of module actor>: 17:25
@!@!@ENDMSG 2772 @!@!@
@!@!@STARTMSG 2221:0 @!@!@
  line 178, col 22 to line 178, col 42 of module actor: 460
@!@!@ENDMSG 2221 @!@!@
@!@!@STARTMSG 2221:0 @!@!@
  |line 178, col 22 to line 178, col 29 of module actor: 435
@!@!@ENDMSG 2221 @!@!@
@!@!@STARTMSG 2221:0 @!@!@
  line 179, col 25 to line 179, col 111 of module actor: 25
@!@!@ENDMSG 2221 @!@!@
@!@!@STARTMSG 2221:0 @!@!@
  line 180, col 33 to line 180, col 69 of module actor: 0
@!@!@ENDMSG 2221 @!@!@
@!@!@STARTMSG 2221:0 @!@!@
  line 181, col 33 to line 181, col 75 of module actor: 0
@!@!@ENDMSG 2221 @!@!@
@!@!@STARTMSG 2221:0 @!@!@
  line 182, col 33 to line 182, col 54 of module actor: 0
@!@!@ENDMSG 2221 @!@!@
@!@!@STARTMSG 2221:0 @!@!@
  line 183, col 36 to line 183, col 46 of module actor: 25
@!@!@ENDMSG 2221 @!@!@
@!@!@STARTMSG 2221:0 @!@!@
  line 184, col 44 to line 184, col 203 of module actor: 0
@!@!@ENDMSG 2221 @!@!@
@!@!@STARTMSG 2221:0 @!@!@
  line 185, col 41 to line 185, col 215 of module actor: 25
@!@!@ENDMSG 2221 @!@!@
@!@!@STARTMSG 2221:0 @!@!@
  line 186, col 33 to line 186, col 77 of module actor: 25
@!@!@ENDMSG 2221 @!@!@
@!@!@STARTMSG 2221:0 @!@!@
  line 187, col 33 to line 187, col 38 of module actor: 25
@!@!@ENDMSG 2221 @!@!@
@!@!@STARTMSG 2221:0 @!@!@
  line 188, col 22 to line 190, col 55 of module actor: 25
@!@!@ENDMSG 2221 @!@!@
@!@!@STARTMSG 2772:0 @!@!@
<FindSuitableI line 192, col 1 to line 192, col 19 of module actor>: 0:0
@!@!@ENDMSG 2772 @!@!@
@!@!@STARTMSG 2221:0 @!@!@
  line 192, col 27 to line 192, col 52 of module actor: 433
@!@!@ENDMSG 2221 @!@!@
@!@!@STARTMSG 2221:0 @!@!@
  line 194, col 38 to line 194, col 74 of module actor: 0
@!@!@ENDMSG 2221 @!@!@
@!@!@STARTMSG 2221:0 @!@!@
  line 195, col 38 to line 195, col 80 of module actor: 0
@!@!@ENDMSG 2221 @!@!@
@!@!@STARTMSG 2221:0 @!@!@
  line 198, col 38 to line 198, col 75 of module actor: 0
@!@!@ENDMSG 2221 @!@!@
@!@!@STARTMSG 2221:0 @!@!@
  line 199, col 38 to line 199, col 43 of module actor: 0
@!@!@ENDMSG 2221 @!@!@
@!@!@STARTMSG 2221:0 @!@!@
  line 200, col 27 to line 203, col 47 of module actor: 0
@!@!@ENDMSG 2221 @!@!@
@!@!@STARTMSG 2202:0 @!@!@
End of statistics.
@!@!@ENDMSG 2202 @!@!@
@!@!@STARTMSG 2200:0 @!@!@
Progress(18) at 2022-02-04 23:21:44: 418 states generated (17 661 s/min), 166 distinct states found (7 014 ds/min), 26 states left on queue.
@!@!@ENDMSG 2200 @!@!@
@!@!@STARTMSG 2199:0 @!@!@
418 states generated, 166 distinct states found, 26 states left on queue.
@!@!@ENDMSG 2199 @!@!@
@!@!@STARTMSG 2186:0 @!@!@
Finished in 1432ms at (2022-02-04 23:21:44)
@!@!@ENDMSG 2186 @!@!@
