This is pdfTeX, Version 3.141592653-2.6-1.40.24 (MiKTeX 21.12) (preloaded format=pdflatex 2021.12.12)  31 JAN 2022 03:01
entering extended mode
 restricted \write18 enabled.
 %&-line parsing enabled.
**./actor.tex
(actor.tex
LaTeX2e <2021-11-15> patch level 1
L3 programming layer <2021-11-22>
(D:\Latex\tex/latex/base\article.cls
Document Class: article 2021/10/04 v1.4n Standard LaTeX document class
(D:\Latex\tex/latex/base\size10.clo
File: size10.clo 2021/10/04 v1.4n Standard LaTeX file (size option)
)
\c@part=\count183
\c@section=\count184
\c@subsection=\count185
\c@subsubsection=\count186
\c@paragraph=\count187
\c@subparagraph=\count188
\c@figure=\count189
\c@table=\count190
\abovecaptionskip=\skip47
\belowcaptionskip=\skip48
\bibindent=\dimen138
) (D:\Latex\tex/latex/graphics\color.sty
Package: color 2021/10/11 v1.3b Standard LaTeX Color (DPC)
(D:\Latex\tex/latex/graphics-cfg\color.cfg
File: color.cfg 2016/01/02 v1.6 sample color configuration
)
Package color Info: Driver file: pdftex.def on input line 149.
(D:\Latex\tex/latex/graphics-def\pdftex.def
File: pdftex.def 2020/10/05 v1.2a Graphics/color driver for pdftex
)) (D:\Latex\tex/latex/base\latexsym.sty
Package: latexsym 1998/08/17 v2.2e Standard LaTeX package (lasy symbols)
\symlasy=\mathgroup4
LaTeX Font Info:    Overwriting symbol font `lasy' in version `bold'
(Font)                  U/lasy/m/n --> U/lasy/b/n on input line 52.
) (D:\Latex\tex/latex/base\ifthen.sty
Package: ifthen 2020/11/24 v1.1c Standard LaTeX ifthen package (DPC)
)
\symlength=\skip49
\equalswidth=\skip50
\charwidth=\skip51
\boxrulewd=\skip52
\boxlineht=\skip53
\boxruleht=\skip54
\boxruledp=\skip55
\pcalvspace=\skip56
\lcomindent=\skip57
\@xlen=\skip58
\templena=\skip59
\templenb=\skip60
\tempboxa=\box50
\vshadelen=\skip61
\boxwidth=\skip62
\multicommentdepth=\skip63
\c@pardepth=\count191
\tempsbox=\box51
\@cparht=\skip64
\@cpardp=\skip65
\xmcomlen=\skip66
\spacewidth=\skip67
\alignboxwidth=\skip68
\alignwidth=\skip69
\alignbox=\box52
\symtlaitalics=\mathgroup5
\c@tlx@ctr=\count192
(D:\Latex\tex/latex/tools\verbatim.sty
Package: verbatim 2020-07-07 v1.5u LaTeX2e package for verbatim enhancements
\every@verbatim=\toks16
\verbatim@line=\toks17
\verbatim@in@stream=\read2
) (D:\Latex\tex/latex/l3backend\l3backend-pdftex.def
File: l3backend-pdftex.def 2021-10-18 L3 backend support: PDF output (pdfTeX)
\l__color_backend_stack_int=\count193
\l__pdf_internal_box=\box53
) (actor.aux)
\openout1 = `actor.aux'.

LaTeX Font Info:    Checking defaults for OML/cmm/m/it on input line 939.
LaTeX Font Info:    ... okay on input line 939.
LaTeX Font Info:    Checking defaults for OMS/cmsy/m/n on input line 939.
LaTeX Font Info:    ... okay on input line 939.
LaTeX Font Info:    Checking defaults for OT1/cmr/m/n on input line 939.
LaTeX Font Info:    ... okay on input line 939.
LaTeX Font Info:    Checking defaults for T1/cmr/m/n on input line 939.
LaTeX Font Info:    ... okay on input line 939.
LaTeX Font Info:    Checking defaults for TS1/cmr/m/n on input line 939.
LaTeX Font Info:    ... okay on input line 939.
LaTeX Font Info:    Checking defaults for OMX/cmex/m/n on input line 939.
LaTeX Font Info:    ... okay on input line 939.
LaTeX Font Info:    Checking defaults for U/cmr/m/n on input line 939.
LaTeX Font Info:    ... okay on input line 939.
(D:\Latex\tex/context/base/mkii\supp-pdf.mkii
[Loading MPS to PDF converter (version 2006.09.02).]
\scratchcounter=\count194
\scratchdimen=\dimen139
\scratchbox=\box54
\nofMPsegments=\count195
\nofMParguments=\count196
\everyMPshowfont=\toks18
\MPscratchCnt=\count197
\MPscratchDim=\dimen140
\MPnumerator=\count198
\makeMPintoPDFobject=\count199
\everyMPtoPDFconversion=\toks19
)
LaTeX Font Info:    External font `cmex10' loaded for size
(Font)              <7> on input line 942.
LaTeX Font Info:    External font `cmex10' loaded for size
(Font)              <5> on input line 942.
LaTeX Font Info:    Trying to load font information for U+lasy on input line 94
2.
(D:\Latex\tex/latex/base\ulasy.fd
File: ulasy.fd 1998/08/17 v2.2e LaTeX symbol font definitions
)
Overfull \hbox (113.00368pt too wide) in paragraph at lines 947--950
[][] 
 []


Overfull \hbox (113.00368pt too wide) in paragraph at lines 950--951
[][] 
 []

LaTeX Font Info:    Trying to load font information for OMS+cmr on input line 9
55.
(D:\Latex\tex/latex/base\omscmr.fd
File: omscmr.fd 2019/12/16 v2.5j Standard LaTeX font definitions
)
LaTeX Font Info:    Font shape `OMS/cmr/bx/n' in size <10> not available
(Font)              Font shape `OMS/cmsy/b/n' tried instead on input line 955.

Overfull \hbox (21.51309pt too wide) in paragraph at lines 959--962
[][][] 
 []


! LaTeX Error: Invalid UTF-8 byte sequence (нет).

See the LaTeX manual or LaTeX Companion for explanation.
Type  H <return>  for immediate help.
 ...                                              
                                                  
l.981 }
       %
The document does not appear to be in UTF-8 encoding.
Try adding \UseRawInputEncoding as the first line of the file
or specify an encoding such as \usepackage [latin1]{inputenc}
in the document preamble.
Alternatively, save the file in UTF-8 using your editor or another tool

LaTeX Font Info:    External font `cmex10' loaded for size
(Font)              <8> on input line 1003.
LaTeX Font Info:    External font `cmex10' loaded for size
(Font)              <6> on input line 1003.

Overfull \hbox (19.39124pt too wide) in paragraph at lines 1025--1026
[][][] 
 []

[1

{C:/Users/pervu/AppData/Local/MiKTeX/fonts/map/pdftex/pdftex.map}]
Overfull \hbox (32.8353pt too wide) in paragraph at lines 1031--1032
[][][] 
 []


Overfull \hbox (32.8924pt too wide) in paragraph at lines 1038--1039
[][][] 
 []


Overfull \hbox (20.59738pt too wide) in paragraph at lines 1043--1044
[][][] 
 []


Overfull \hbox (35.40468pt too wide) in paragraph at lines 1086--1089
[][] 
 []

[2]
Overfull \hbox (128.20041pt too wide) in paragraph at lines 1133--1135
[][] 
 []


Overfull \hbox (174.13506pt too wide) in paragraph at lines 1149--1151
[][] 
 []


Overfull \hbox (144.72058pt too wide) in paragraph at lines 1151--1153
[][] 
 []


Overfull \hbox (92.37927pt too wide) in paragraph at lines 1153--1155
[][] 
 []


Overfull \hbox (143.40662pt too wide) in paragraph at lines 1155--1156
[][] 
 []


Overfull \hbox (40.35048pt too wide) in paragraph at lines 1170--1172
[][] 
 []


Overfull \hbox (69.31314pt too wide) in paragraph at lines 1172--1174
[][] 
 []


Overfull \hbox (57.8833pt too wide) in paragraph at lines 1174--1177
[][] 
 []


Overfull \hbox (363.65697pt too wide) in paragraph at lines 1177--1179
[][] 
 []


Overfull \hbox (77.72879pt too wide) in paragraph at lines 1179--1180
[][] 
 []


Overfull \hbox (31.78424pt too wide) in paragraph at lines 1184--1185
[][] 
 []


Overfull \hbox (140.49687pt too wide) in paragraph at lines 1192--1193
[][] 
 []

[3]
Overfull \hbox (185.68408pt too wide) in paragraph at lines 1193--1195
[][] 
 []


Overfull \hbox (218.29932pt too wide) in paragraph at lines 1195--1196
[][] 
 []


Overfull \hbox (90.7566pt too wide) in paragraph at lines 1196--1198
[][] 
 []


Overfull \hbox (175.13043pt too wide) in paragraph at lines 1198--1200
[][] 
 []


Overfull \hbox (55.03432pt too wide) in paragraph at lines 1200--1202
[][] 
 []


Overfull \hbox (77.72972pt too wide) in paragraph at lines 1202--1203
[][] 
 []


Overfull \hbox (5.32448pt too wide) in paragraph at lines 1204--1206
[][] 
 []


Overfull \hbox (77.08571pt too wide) in paragraph at lines 1214--1216
[][] 
 []


Overfull \hbox (520.84041pt too wide) in paragraph at lines 1224--1228
[][] 
 []


Overfull \hbox (548.66454pt too wide) in paragraph at lines 1228--1230
[][] 
 []

[4] (actor.aux) ) 
Here is how much of TeX's memory you used:
 1384 strings out of 478659
 19774 string characters out of 2862875
 352103 words of memory out of 3000000
 19520 multiletter control sequences out of 15000+600000
 409463 words of font info for 50 fonts, out of 8000000 for 9000
 1141 hyphenation exceptions out of 8191
 34i,10n,38p,217b,241s stack positions out of 5000i,500n,10000p,200000b,80000s
<D:/Latex/fonts/type1/public/amsfonts/cm/cmbsy10.pfb><D:/Latex
/fonts/type1/public/amsfonts/cm/cmbx10.pfb><D:/Latex/fonts/type1/public/amsfont
s/cm/cmcsc10.pfb><D:/Latex/fonts/type1/public/amsfonts/cm/cmmi10.pfb><D:/Latex/
fonts/type1/public/amsfonts/cm/cmmi8.pfb><D:/Latex/fonts/type1/public/amsfonts/
cm/cmr10.pfb><D:/Latex/fonts/type1/public/amsfonts/cm/cmr5.pfb><D:/Latex/fonts/
type1/public/amsfonts/cm/cmr7.pfb><D:/Latex/fonts/type1/public/amsfonts/cm/cmr8
.pfb><D:/Latex/fonts/type1/public/amsfonts/cm/cmr9.pfb><D:/Latex/fonts/type1/pu
blic/amsfonts/cm/cmss10.pfb><D:/Latex/fonts/type1/public/amsfonts/cm/cmss8.pfb>
<D:/Latex/fonts/type1/public/amsfonts/cm/cmsy10.pfb><D:/Latex/fonts/type1/publi
c/amsfonts/cm/cmsy7.pfb><D:/Latex/fonts/type1/public/amsfonts/cm/cmsy8.pfb><D:/
Latex/fonts/type1/public/amsfonts/cm/cmti10.pfb><D:/Latex/fonts/type1/public/am
sfonts/cm/cmti7.pfb><D:/Latex/fonts/type1/public/amsfonts/cm/cmti8.pfb><D:/Late
x/fonts/type1/public/amsfonts/latxfont/lasy10.pfb>
Output written on actor.pdf (4 pages, 227274 bytes).
PDF statistics:
 110 PDF objects out of 1000 (max. 8388607)
 0 named destinations out of 1000 (max. 500000)
 1 words of extra memory for PDF output out of 10000 (max. 10000000)

